SF:lib\models\tarot_card.dart
DA:23,11
DA:40,8
DA:55,8
DA:56,8
DA:57,8
DA:58,8
DA:59,8
DA:60,8
DA:61,8
DA:62,8
DA:63,8
DA:64,1
DA:65,8
DA:66,8
DA:68,8
DA:70,8
DA:75,1
DA:76,1
DA:77,0
DA:79,2
DA:84,0
DA:85,0
DA:86,0
DA:90,1
DA:91,1
DA:92,1
DA:95,2
DA:96,1
DA:102,3
DA:105,3
DA:108,1
DA:109,2
DA:112,1
DA:113,2
DA:116,1
DA:122,1
DA:131,1
DA:132,1
DA:133,1
DA:134,1
DA:135,1
DA:139,9
DA:142,0
DA:145,3
DA:146,6
DA:147,6
DA:148,6
DA:149,6
DA:150,6
DA:151,6
DA:155,1
DA:156,1
DA:157,1
DA:158,1
DA:159,2
DA:160,1
DA:161,1
DA:162,1
DA:163,1
DA:164,1
DA:165,1
DA:166,1
DA:167,1
DA:168,1
DA:169,1
DA:174,9
DA:175,9
DA:176,9
DA:177,9
DA:178,18
DA:179,9
DA:180,9
DA:181,18
DA:182,9
DA:183,9
DA:184,9
DA:185,9
DA:186,9
DA:187,0
DA:189,9
DA:190,9
DA:195,0
DA:198,0
DA:199,0
DA:202,0
DA:205,0
DA:206,0
DA:207,0
DA:210,0
DA:211,0
DA:213,0
DA:215,0
LF:92
LH:75
end_of_record
SF:lib\models\enums.dart
DA:16,1
DA:17,1
DA:18,3
DA:19,1
DA:43,3
DA:45,3
DA:46,3
DA:47,3
DA:48,3
DA:53,0
DA:54,0
DA:55,0
DA:56,0
DA:65,1
DA:66,1
DA:67,3
DA:68,1
DA:87,9
DA:88,9
DA:89,27
DA:90,1
DA:107,0
DA:108,0
DA:109,0
DA:110,0
LF:25
LH:17
end_of_record
SF:lib\services\card_service.dart
DA:12,22
DA:13,11
DA:20,10
DA:21,10
DA:22,10
DA:26,20
DA:29,8
DA:30,8
DA:32,8
DA:33,8
DA:34,16
DA:36,8
DA:38,16
DA:40,4
DA:45,1
DA:46,1
DA:48,4
DA:55,1
DA:56,1
DA:57,5
DA:61,1
DA:62,1
DA:66,1
DA:67,1
DA:68,5
DA:72,0
DA:73,0
DA:74,0
DA:78,1
DA:79,1
DA:80,0
DA:81,0
DA:83,0
DA:84,0
DA:91,2
DA:96,2
DA:97,0
DA:100,2
DA:102,2
DA:103,0
DA:104,0
DA:108,1
DA:109,1
DA:113,0
DA:114,0
DA:115,0
DA:116,0
DA:120,2
DA:121,1
DA:122,0
DA:123,2
DA:131,1
DA:132,1
DA:134,4
DA:135,3
DA:136,1
DA:137,2
DA:138,1
DA:145,8
DA:146,7
DA:149,24
DA:150,8
DA:152,8
DA:153,14
DA:154,7
DA:156,14
DA:160,0
DA:161,0
DA:162,0
DA:165,0
DA:166,0
DA:168,0
DA:169,0
DA:170,0
DA:171,0
DA:173,0
DA:174,0
DA:175,0
DA:179,0
DA:185,0
DA:187,0
DA:188,0
DA:189,0
DA:192,0
DA:193,0
DA:194,0
DA:195,0
DA:196,0
DA:197,0
DA:203,0
DA:207,0
DA:208,0
DA:212,1
DA:213,1
DA:216,1
DA:220,0
DA:221,0
DA:222,0
DA:224,0
DA:225,0
DA:226,0
DA:233,0
DA:237,0
DA:238,0
DA:242,1
DA:248,1
DA:254,1
DA:255,2
DA:256,1
DA:257,1
DA:264,6
DA:268,6
DA:269,6
DA:273,1
DA:277,1
DA:278,0
DA:281,1
DA:282,1
DA:283,1
DA:285,2
DA:286,1
DA:289,1
DA:290,2
DA:291,2
DA:292,4
DA:293,4
DA:294,2
DA:295,2
DA:296,2
DA:297,2
DA:300,1
DA:301,2
DA:303,1
DA:311,6
DA:314,13
DA:319,3
DA:320,2
DA:321,1
DA:324,2
DA:325,1
DA:328,2
DA:329,1
DA:333,1
DA:346,1
DA:348,1
DA:351,2
DA:354,3
DA:357,4
DA:358,1
DA:361,4
DA:362,1
DA:365,1
DA:370,1
DA:371,5
DA:372,1
DA:382,1
DA:383,1
DA:384,2
DA:388,0
DA:389,0
DA:391,0
DA:392,0
DA:393,0
DA:395,0
DA:396,0
DA:397,0
DA:400,0
DA:401,0
LF:168
LH:107
end_of_record
SF:lib\services\tarot_card_localizations.dart
DA:15,3
DA:20,6
DA:22,2
DA:25,3
DA:30,2
DA:34,6
DA:35,2
DA:39,2
DA:40,4
DA:41,6
DA:45,4
DA:46,2
DA:48,2
DA:53,1
DA:54,2
DA:61,3
DA:63,3
DA:64,2
DA:66,2
DA:67,2
DA:68,2
DA:69,2
DA:75,4
DA:76,2
DA:80,2
DA:83,1
DA:89,3
DA:91,3
DA:92,2
DA:94,2
DA:95,2
DA:96,2
DA:97,2
DA:103,4
DA:104,1
DA:116,3
DA:118,3
DA:119,2
DA:121,2
DA:122,2
DA:123,2
DA:124,2
DA:130,4
DA:131,1
DA:143,3
DA:145,3
DA:146,2
DA:148,2
DA:149,2
DA:150,2
DA:151,2
DA:152,8
DA:157,4
DA:158,1
DA:162,2
DA:164,1
DA:170,1
DA:172,1
DA:173,1
DA:174,2
DA:176,0
DA:181,1
DA:186,1
DA:187,1
DA:188,1
DA:189,1
DA:191,1
DA:204,1
DA:206,1
DA:207,1
DA:215,2
DA:216,2
DA:217,2
DA:221,3
DA:223,3
DA:224,3
DA:225,6
DA:227,15
DA:229,3
DA:234,1
DA:236,2
DA:237,1
DA:238,1
LF:83
LH:82
end_of_record
SF:lib\main.dart
DA:12,0
DA:13,0
DA:16,0
DA:18,0
DA:22,2
DA:24,4
DA:27,8
DA:30,6
DA:33,6
DA:37,3
DA:39,3
DA:40,3
DA:41,3
DA:42,3
DA:49,3
DA:51,3
DA:52,3
DA:54,3
DA:61,3
DA:63,3
DA:65,3
DA:74,3
DA:81,6
DA:82,9
DA:83,9
DA:89,6
DA:90,9
DA:104,3
DA:106,3
DA:109,6
DA:110,6
DA:112,3
DA:113,3
DA:115,3
DA:119,0
DA:120,0
DA:128,0
DA:132,0
DA:134,0
DA:135,0
DA:137,0
DA:138,0
DA:139,0
DA:141,0
DA:142,0
DA:143,0
DA:145,0
DA:148,0
DA:149,0
DA:151,0
DA:152,0
DA:156,0
DA:157,0
DA:158,0
DA:159,0
DA:161,0
LF:56
LH:30
end_of_record
SF:lib\utils\app_theme.dart
DA:26,3
DA:27,3
DA:29,3
DA:115,3
DA:134,3
DA:135,3
DA:138,6
DA:149,3
DA:150,3
DA:152,3
DA:250,3
DA:251,3
DA:254,6
LF:13
LH:13
end_of_record
SF:lib\utils\app_router.dart
DA:9,9
DA:11,3
DA:12,3
DA:13,3
DA:14,3
DA:16,3
DA:17,3
DA:20,3
DA:21,3
DA:23,3
DA:26,0
DA:27,0
DA:29,3
DA:32,0
DA:38,3
DA:41,0
DA:42,0
DA:44,3
DA:47,0
DA:48,0
DA:50,3
DA:53,0
DA:54,0
DA:59,0
DA:60,0
DA:61,0
DA:63,0
DA:64,0
DA:67,0
DA:70,0
DA:72,0
DA:75,0
DA:76,0
DA:77,0
DA:78,0
DA:83,0
DA:84,0
DA:94,3
DA:99,3
DA:100,3
DA:105,3
DA:107,3
DA:108,6
DA:119,0
DA:122,0
DA:125,0
DA:128,0
DA:131,0
DA:134,0
DA:137,0
LF:50
LH:20
end_of_record
SF:lib\services\image_cache_service.dart
DA:8,12
DA:9,8
DA:10,4
DA:22,1
DA:24,2
DA:27,1
DA:28,4
DA:29,1
DA:30,1
DA:35,0
DA:37,0
DA:39,0
DA:43,0
DA:49,1
DA:53,1
DA:61,0
DA:63,0
DA:68,0
DA:70,0
DA:72,0
DA:76,0
DA:82,3
DA:86,6
DA:88,6
DA:91,0
DA:98,0
DA:100,0
DA:104,0
DA:111,0
DA:116,0
DA:120,0
LF:31
LH:14
end_of_record
SF:lib\widgets\image_preloader_widget.dart
DA:11,3
DA:18,3
DA:20,3
DA:24,3
DA:26,3
DA:29,9
DA:30,3
DA:34,3
DA:35,3
DA:37,9
DA:40,6
DA:41,3
DA:42,3
DA:43,9
DA:46,4
DA:47,0
DA:50,0
DA:54,3
DA:56,6
DA:61,0
DA:62,0
DA:63,0
DA:73,2
DA:80,0
DA:86,0
DA:88,0
DA:89,0
DA:91,0
DA:99,0
DA:101,0
DA:102,0
DA:105,0
DA:106,0
DA:109,0
DA:110,0
DA:113,0
DA:114,0
DA:117,0
DA:118,0
LF:39
LH:18
end_of_record
SF:lib\widgets\loading_animations.dart
DA:12,6
DA:19,4
DA:21,4
DA:23,4
DA:25,4
DA:26,4
DA:27,4
DA:28,4
DA:29,4
DA:31,4
DA:32,4
DA:33,4
DA:34,4
DA:39,4
DA:40,12
DA:43,12
DA:44,8
DA:45,12
DA:46,4
DA:49,4
DA:52,12
DA:54,8
DA:56,4
DA:57,4
DA:58,16
DA:59,4
DA:63,4
DA:64,12
DA:65,12
DA:79,0
DA:87,0
DA:90,0
DA:92,0
DA:93,0
DA:94,0
DA:95,0
DA:96,0
DA:97,0
DA:98,0
DA:100,0
DA:101,0
DA:103,0
DA:104,0
DA:105,0
DA:106,0
DA:111,0
DA:112,0
DA:113,0
DA:119,0
DA:120,0
DA:135,0
DA:143,0
DA:145,0
DA:146,0
DA:147,0
DA:148,0
DA:149,0
DA:150,0
DA:162,0
DA:169,0
DA:171,0
DA:172,0
DA:173,0
DA:175,0
DA:176,0
DA:177,0
DA:178,0
DA:179,0
DA:180,0
DA:181,0
DA:192,0
DA:194,0
DA:196,0
DA:197,0
DA:198,0
DA:200,0
DA:201,0
DA:202,0
DA:204,0
DA:206,0
DA:208,0
DA:209,0
DA:210,0
DA:211,0
DA:212,0
DA:213,0
DA:214,0
DA:215,0
DA:216,0
DA:217,0
DA:218,0
DA:219,0
DA:221,0
DA:224,0
DA:225,0
DA:227,0
DA:230,0
DA:232,0
DA:233,0
DA:244,4
DA:252,4
DA:254,20
DA:255,4
DA:256,4
DA:257,8
DA:259,8
DA:264,4
DA:265,8
DA:266,4
DA:267,4
DA:269,4
DA:273,4
DA:274,4
DA:276,4
DA:280,4
DA:282,8
DA:283,4
DA:284,0
DA:295,0
DA:303,0
DA:305,0
DA:306,0
DA:307,0
DA:308,0
DA:309,0
DA:310,0
DA:322,0
DA:329,0
DA:331,0
DA:332,0
DA:335,0
DA:336,0
DA:337,0
DA:340,0
DA:343,0
DA:344,0
DA:345,0
DA:346,0
DA:357,0
DA:364,0
DA:366,0
DA:367,0
DA:368,0
DA:369,0
DA:370,0
DA:372,0
DA:373,0
DA:374,0
DA:375,0
DA:379,0
DA:380,0
DA:384,0
LF:152
LH:47
end_of_record
SF:lib\l10n\generated\app_localizations.dart
DA:65,7
DA:66,14
DA:70,7
DA:71,7
DA:1364,3
DA:1366,7
DA:1368,14
DA:1371,7
DA:1373,21
DA:1375,0
DA:1379,7
DA:1381,7
DA:1382,7
DA:1383,7
DA:1384,2
DA:1385,2
DA:1388,0
LF:17
LH:15
end_of_record
SF:lib\models\card_position.dart
DA:12,1
DA:21,0
DA:28,0
DA:29,0
DA:30,0
DA:31,0
DA:32,0
DA:33,0
DA:38,0
DA:39,0
DA:43,1
DA:44,2
DA:45,2
DA:46,2
DA:47,2
DA:51,0
DA:52,0
DA:53,0
DA:54,0
DA:55,0
DA:56,0
DA:57,0
DA:62,0
DA:63,0
DA:64,0
DA:65,0
DA:66,0
DA:67,0
DA:68,0
DA:73,0
DA:76,0
DA:77,0
DA:78,0
DA:82,0
DA:85,0
DA:86,0
DA:87,0
DA:88,0
DA:91,0
DA:92,0
DA:94,0
DA:96,0
LF:42
LH:6
end_of_record
SF:lib\models\friendship.dart
DA:15,0
DA:26,0
DA:35,0
DA:36,0
DA:37,0
DA:38,0
DA:39,0
DA:40,0
DA:41,0
DA:42,0
DA:47,0
DA:50,0
DA:53,0
DA:56,0
DA:57,0
DA:61,0
DA:62,0
DA:66,0
DA:67,0
DA:68,0
DA:72,0
DA:73,0
DA:74,0
DA:75,0
DA:76,0
DA:80,0
DA:81,0
DA:82,0
DA:83,0
DA:84,0
DA:85,0
DA:86,0
DA:87,0
DA:88,0
DA:93,0
DA:94,0
DA:95,0
DA:96,0
DA:97,0
DA:98,0
DA:99,0
DA:100,0
DA:101,0
DA:103,0
DA:108,0
DA:111,0
DA:112,0
DA:115,0
DA:118,0
DA:121,0
DA:122,0
DA:124,0
DA:126,0
DA:135,0
DA:138,0
DA:141,0
DA:144,0
DA:147,0
DA:150,0
DA:152,0
DA:155,0
DA:156,0
DA:157,0
DA:160,0
DA:161,0
DA:163,0
DA:165,0
LF:67
LH:0
end_of_record
SF:lib\models\user.dart
DA:12,9
DA:22,1
DA:30,1
DA:31,1
DA:32,1
DA:33,1
DA:34,1
DA:35,1
DA:36,0
DA:41,16
DA:44,0
DA:45,0
DA:48,0
DA:50,0
DA:56,0
DA:60,0
DA:61,0
DA:62,0
DA:66,1
DA:67,2
DA:71,1
DA:72,2
DA:73,1
DA:74,1
DA:78,1
DA:79,2
DA:80,1
DA:81,1
DA:85,0
DA:86,0
DA:90,0
DA:91,0
DA:92,0
DA:93,0
DA:94,0
DA:95,0
DA:96,0
DA:97,0
DA:102,0
DA:103,0
DA:104,0
DA:105,0
DA:106,0
DA:107,0
DA:108,0
DA:109,0
DA:114,0
DA:117,0
DA:118,0
DA:121,0
DA:124,0
DA:127,0
DA:128,0
DA:130,0
DA:132,0
LF:55
LH:19
end_of_record
SF:lib\models\manual_interpretation.dart
DA:13,0
DA:23,0
DA:31,0
DA:32,0
DA:33,0
DA:34,0
DA:35,0
DA:36,0
DA:37,0
DA:42,0
DA:45,0
DA:46,0
DA:47,0
DA:49,0
DA:51,0
DA:53,0
DA:54,0
DA:56,0
DA:61,0
DA:62,0
DA:64,0
DA:65,0
DA:66,0
DA:67,0
DA:68,0
DA:69,0
DA:70,0
DA:72,0
DA:76,0
DA:79,0
DA:80,0
DA:81,0
DA:84,0
DA:85,0
DA:89,0
DA:90,0
DA:91,0
DA:92,0
DA:93,0
DA:94,0
DA:95,0
DA:96,0
DA:101,0
DA:102,0
DA:103,0
DA:104,0
DA:105,0
DA:106,0
DA:107,0
DA:108,0
DA:109,0
DA:111,0
DA:112,0
DA:113,0
DA:117,0
DA:120,0
DA:123,0
DA:124,0
DA:134,0
DA:142,0
DA:148,0
DA:149,0
DA:150,0
DA:151,0
DA:152,0
DA:157,0
DA:158,0
DA:162,0
DA:163,0
DA:164,0
DA:165,0
DA:166,0
DA:167,0
DA:172,0
DA:173,0
DA:174,0
DA:175,0
DA:176,0
DA:177,0
DA:181,0
DA:184,0
DA:185,0
DA:186,0
DA:189,0
DA:190,0
LF:85
LH:0
end_of_record
SF:lib\models\reading.dart
DA:16,1
DA:28,0
DA:38,0
DA:39,0
DA:40,0
DA:41,0
DA:42,0
DA:43,0
DA:44,0
DA:45,0
DA:46,0
DA:51,1
DA:52,1
DA:53,0
DA:55,5
DA:59,0
DA:60,0
DA:61,0
DA:63,0
DA:65,0
DA:67,0
DA:68,0
DA:70,0
DA:75,0
DA:76,0
DA:78,0
DA:79,0
DA:81,0
DA:85,0
DA:86,0
DA:89,0
DA:90,0
DA:94,0
DA:95,0
DA:96,0
DA:101,4
DA:104,1
DA:105,2
DA:106,2
DA:107,5
DA:108,4
DA:112,0
DA:113,0
DA:114,0
DA:115,0
DA:117,0
DA:118,0
DA:120,0
DA:122,0
DA:123,0
DA:124,0
DA:129,0
DA:130,0
DA:131,0
DA:132,0
DA:133,0
DA:134,0
DA:135,0
DA:136,0
DA:137,0
DA:138,0
DA:143,0
DA:144,0
DA:145,0
DA:146,0
DA:147,0
DA:148,0
DA:149,0
DA:150,0
DA:151,0
DA:152,0
DA:154,0
DA:155,0
DA:156,0
DA:157,0
DA:162,0
DA:165,0
DA:166,0
DA:169,0
DA:172,0
DA:175,0
DA:176,0
DA:178,0
DA:180,0
LF:84
LH:10
end_of_record
SF:lib\models\shared_reading.dart
DA:14,0
DA:25,0
DA:34,0
DA:35,0
DA:36,0
DA:37,0
DA:38,0
DA:39,0
DA:40,0
DA:41,0
DA:46,0
DA:47,0
DA:48,0
DA:49,0
DA:50,0
DA:54,0
DA:55,0
DA:56,0
DA:60,0
DA:61,0
DA:62,0
DA:67,0
DA:68,0
DA:69,0
DA:70,0
DA:74,0
DA:75,0
DA:76,0
DA:78,0
DA:80,0
DA:82,0
DA:83,0
DA:85,0
DA:90,0
DA:91,0
DA:92,0
DA:93,0
DA:94,0
DA:95,0
DA:96,0
DA:100,0
DA:101,0
DA:102,0
DA:103,0
DA:104,0
DA:105,0
DA:106,0
DA:107,0
DA:108,0
DA:113,0
DA:114,0
DA:115,0
DA:116,0
DA:117,0
DA:118,0
DA:119,0
DA:120,0
DA:121,0
DA:122,0
DA:123,0
DA:125,0
DA:130,0
DA:133,0
DA:134,0
DA:135,0
DA:139,0
DA:142,0
DA:145,0
DA:146,0
DA:148,0
DA:150,0
DA:162,0
DA:171,0
DA:178,0
DA:179,0
DA:180,0
DA:181,0
DA:182,0
DA:183,0
DA:188,0
DA:189,0
DA:191,0
DA:192,0
DA:193,0
DA:197,0
DA:198,0
DA:202,0
DA:203,0
DA:204,0
DA:206,0
DA:208,0
DA:209,0
DA:210,0
DA:211,0
DA:213,0
DA:218,0
DA:219,0
DA:220,0
DA:221,0
DA:225,0
DA:226,0
DA:227,0
DA:228,0
DA:229,0
DA:230,0
DA:231,0
DA:236,0
DA:237,0
DA:238,0
DA:239,0
DA:240,0
DA:241,0
DA:242,0
DA:246,0
DA:249,0
DA:252,0
DA:253,0
DA:255,0
DA:257,0
LF:119
LH:0
end_of_record
SF:lib\pages\card_detail_page.dart
DA:12,0
DA:14,0
DA:16,0
DA:17,0
DA:18,0
DA:19,0
DA:21,0
DA:23,0
DA:25,0
DA:30,0
DA:35,0
DA:38,0
DA:46,0
DA:49,0
DA:57,0
DA:65,0
DA:66,0
DA:68,0
DA:70,0
DA:72,0
DA:78,0
DA:79,0
DA:81,0
DA:82,0
DA:83,0
DA:84,0
DA:91,0
DA:93,0
DA:94,0
DA:99,0
DA:100,0
DA:102,0
DA:103,0
DA:108,0
DA:109,0
DA:111,0
DA:114,0
DA:115,0
DA:124,0
DA:125,0
DA:127,0
DA:128,0
DA:129,0
DA:130,0
DA:132,0
DA:134,0
DA:142,0
DA:144,0
DA:146,0
DA:148,0
DA:150,0
DA:152,0
DA:157,0
DA:158,0
DA:160,0
DA:161,0
DA:163,0
DA:165,0
DA:170,0
DA:173,0
DA:174,0
DA:175,0
DA:176,0
DA:178,0
DA:180,0
DA:182,0
DA:183,0
DA:184,0
DA:188,0
DA:194,0
DA:201,0
DA:203,0
DA:205,0
DA:207,0
DA:208,0
DA:209,0
DA:210,0
DA:212,0
DA:214,0
DA:224,0
DA:226,0
DA:228,0
DA:236,0
DA:237,0
DA:239,0
DA:241,0
DA:243,0
DA:244,0
DA:246,0
DA:248,0
DA:253,0
DA:254,0
DA:255,0
DA:256,0
DA:257,0
DA:258,0
DA:261,0
DA:269,0
DA:270,0
DA:272,0
DA:274,0
DA:275,0
DA:277,0
DA:278,0
DA:279,0
DA:281,0
DA:285,0
DA:286,0
DA:293,0
DA:294,0
DA:296,0
LF:111
LH:0
end_of_record
SF:lib\widgets\card_widget.dart
DA:30,4
DA:42,0
DA:54,4
DA:56,4
DA:57,4
DA:58,4
DA:59,8
DA:60,8
DA:61,8
DA:66,4
DA:67,4
DA:68,0
DA:69,0
DA:70,0
DA:75,0
DA:81,0
DA:83,0
DA:86,12
DA:95,0
DA:96,0
DA:97,0
DA:98,0
DA:99,0
DA:107,0
DA:108,0
DA:109,0
DA:111,0
DA:114,0
DA:116,0
DA:117,0
DA:118,0
DA:125,0
DA:127,0
DA:128,0
DA:129,0
DA:130,0
DA:131,0
DA:133,0
DA:134,0
DA:135,0
DA:136,0
DA:142,0
DA:143,0
DA:144,0
DA:145,0
DA:148,0
DA:150,0
DA:159,0
DA:160,0
DA:163,0
DA:169,0
DA:170,0
DA:171,0
DA:176,0
DA:178,0
DA:179,0
DA:180,0
DA:181,0
DA:190,0
DA:191,0
DA:192,0
DA:194,0
DA:209,4
DA:210,4
DA:211,4
DA:213,4
DA:216,4
DA:223,4
DA:224,4
DA:225,4
DA:232,4
DA:234,4
DA:235,4
DA:237,4
DA:238,8
DA:241,4
DA:242,4
DA:243,4
DA:245,4
DA:248,4
DA:249,4
DA:251,4
DA:258,4
DA:259,4
DA:261,4
DA:263,4
DA:264,4
DA:265,4
DA:270,4
DA:272,12
DA:273,4
DA:278,4
DA:281,4
DA:284,4
DA:287,4
DA:290,4
DA:293,4
DA:296,4
DA:299,4
DA:302,4
DA:305,4
DA:308,4
DA:311,4
DA:323,4
DA:325,4
DA:326,8
DA:327,4
DA:328,4
DA:330,4
DA:331,8
DA:332,4
DA:335,4
DA:336,4
DA:339,12
DA:340,12
DA:344,4
DA:347,4
DA:348,4
DA:351,12
DA:352,12
DA:356,4
DA:359,8
DA:360,8
DA:361,8
DA:364,4
DA:365,8
DA:366,12
DA:367,12
DA:368,12
DA:370,4
DA:371,4
DA:373,4
DA:376,4
DA:378,4
DA:379,4
DA:382,4
DA:383,8
DA:384,4
DA:386,4
DA:387,4
DA:388,12
DA:389,12
DA:390,20
DA:393,8
DA:394,8
DA:398,4
DA:399,8
DA:400,4
DA:402,8
DA:403,4
DA:407,4
LF:151
LH:100
end_of_record
SF:lib\pages\card_encyclopedia_page.dart
DA:12,2
DA:14,0
DA:16,0
DA:25,0
DA:27,0
DA:28,0
DA:31,0
DA:33,0
DA:35,0
DA:36,0
DA:40,0
DA:41,0
DA:42,0
DA:43,0
DA:45,0
DA:46,0
DA:47,0
DA:50,0
DA:56,0
DA:57,0
DA:58,0
DA:60,0
DA:63,0
DA:64,0
DA:65,0
DA:66,0
DA:67,0
DA:76,0
DA:77,0
DA:79,0
DA:80,0
DA:81,0
DA:82,0
DA:83,0
DA:89,0
DA:90,0
DA:92,0
DA:93,0
DA:94,0
DA:97,0
DA:98,0
DA:100,0
DA:101,0
DA:102,0
DA:103,0
DA:108,0
DA:109,0
DA:113,0
DA:115,0
DA:116,0
DA:117,0
DA:125,0
DA:127,0
DA:128,0
DA:129,0
DA:131,0
DA:132,0
DA:133,0
DA:134,0
DA:139,0
DA:140,0
DA:142,0
DA:143,0
DA:144,0
DA:145,0
DA:146,0
DA:147,0
DA:161,0
DA:163,0
DA:165,0
DA:170,0
DA:171,0
DA:172,0
DA:173,0
DA:174,0
DA:175,0
DA:179,0
DA:182,0
DA:183,0
DA:184,0
DA:186,0
DA:187,0
DA:191,0
DA:192,0
DA:194,0
DA:197,0
DA:198,0
DA:201,0
DA:209,0
DA:210,0
DA:211,0
DA:212,0
DA:217,0
DA:218,0
DA:220,0
DA:221,0
DA:222,0
DA:223,0
DA:225,0
DA:227,0
DA:229,0
DA:231,0
DA:232,0
DA:239,0
DA:240,0
DA:241,0
DA:243,0
DA:251,0
DA:252,0
DA:253,0
DA:254,0
DA:261,0
DA:262,0
DA:263,0
DA:264,0
DA:265,0
DA:266,0
DA:278,0
DA:279,0
DA:280,0
DA:282,0
DA:283,0
DA:287,0
DA:288,0
DA:289,0
DA:291,0
DA:293,0
DA:294,0
DA:297,0
DA:300,0
DA:302,0
DA:305,0
DA:307,0
DA:308,0
DA:318,0
DA:319,0
DA:320,0
DA:322,0
DA:324,0
DA:325,0
DA:328,0
DA:331,0
DA:333,0
DA:336,0
DA:337,0
DA:338,0
DA:339,0
DA:344,0
DA:345,0
DA:346,0
DA:357,0
DA:358,0
DA:360,0
LF:153
LH:1
end_of_record
SF:lib\providers\card_provider.dart
DA:8,27
DA:9,6
DA:13,4
DA:14,2
DA:15,1
DA:19,7
DA:20,2
DA:21,1
DA:25,2
DA:26,2
DA:29,3
DA:34,2
DA:36,1
DA:42,1
DA:44,2
DA:45,2
DA:47,0
DA:52,0
DA:53,0
DA:54,0
DA:58,0
DA:60,0
DA:61,0
DA:63,0
DA:68,0
DA:74,0
DA:76,0
DA:82,0
DA:84,0
DA:89,0
DA:90,0
DA:95,0
DA:99,0
DA:100,0
DA:104,4
DA:105,2
DA:106,1
DA:110,4
DA:111,2
DA:112,1
DA:116,0
DA:117,0
DA:118,0
DA:122,0
DA:125,0
DA:126,0
DA:130,0
DA:134,0
DA:135,0
DA:139,0
DA:143,0
DA:144,0
DA:154,0
DA:155,0
DA:156,0
DA:157,0
DA:161,20
DA:162,10
DA:163,10
DA:164,5
DA:168,0
DA:169,0
DA:172,0
DA:173,0
DA:179,0
DA:181,0
DA:188,0
DA:191,0
DA:194,0
DA:196,0
DA:197,0
DA:198,0
DA:200,0
DA:205,0
DA:206,0
DA:208,0
DA:209,0
DA:213,0
DA:215,0
DA:216,0
DA:217,0
DA:219,0
DA:224,0
DA:225,0
DA:226,0
DA:231,0
DA:235,0
DA:236,0
DA:237,0
DA:241,0
DA:242,0
DA:243,0
DA:244,0
DA:245,0
DA:254,0
DA:255,0
DA:256,0
DA:257,0
DA:258,0
DA:259,0
DA:263,0
DA:266,0
DA:267,0
DA:268,0
DA:269,0
DA:273,0
DA:276,0
DA:277,0
DA:278,0
DA:279,0
DA:283,0
DA:286,0
DA:287,0
DA:288,0
DA:289,0
LF:115
LH:26
end_of_record
SF:lib\pages\friends_page.dart
DA:15,2
DA:17,0
DA:19,0
DA:21,0
DA:22,0
DA:23,0
DA:26,0
DA:27,0
DA:28,0
DA:29,0
DA:32,0
DA:36,0
DA:37,0
DA:39,0
DA:41,0
DA:43,0
DA:44,0
DA:45,0
DA:50,0
DA:51,0
DA:52,0
DA:53,0
DA:60,0
DA:65,0
DA:70,0
DA:78,0
DA:79,0
DA:80,0
DA:82,0
DA:84,0
DA:85,0
DA:87,0
DA:88,0
DA:89,0
DA:90,0
DA:92,0
DA:94,0
DA:95,0
DA:97,0
DA:103,0
DA:104,0
DA:105,0
DA:106,0
DA:107,0
DA:109,0
DA:110,0
DA:111,0
DA:114,0
DA:117,0
DA:119,0
DA:122,0
DA:124,0
DA:125,0
DA:130,0
DA:131,0
DA:141,0
DA:143,0
DA:144,0
DA:146,0
DA:149,0
DA:152,0
DA:158,0
DA:159,0
DA:161,0
DA:162,0
DA:163,0
DA:166,0
DA:169,0
DA:171,0
DA:174,0
DA:175,0
DA:176,0
DA:177,0
DA:182,0
DA:183,0
DA:184,0
DA:197,0
DA:198,0
DA:199,0
DA:201,0
DA:203,0
DA:204,0
DA:206,0
DA:208,0
DA:212,0
DA:213,0
DA:214,0
DA:215,0
DA:216,0
DA:217,0
DA:219,0
DA:220,0
DA:221,0
DA:224,0
DA:227,0
DA:229,0
DA:232,0
DA:234,0
DA:235,0
DA:236,0
DA:246,0
DA:248,0
DA:249,0
DA:251,0
DA:252,0
DA:255,0
DA:259,0
DA:262,0
DA:268,0
DA:269,0
DA:271,0
DA:272,0
DA:273,0
DA:276,0
DA:279,0
DA:281,0
DA:284,0
DA:285,0
DA:286,0
DA:287,0
DA:292,0
DA:293,0
DA:294,0
DA:303,0
DA:309,0
DA:310,0
DA:312,0
DA:320,0
DA:321,0
DA:322,0
DA:324,0
DA:325,0
DA:327,0
DA:329,0
DA:330,0
DA:331,0
DA:332,0
DA:334,0
DA:338,0
DA:340,0
DA:342,0
DA:347,0
DA:352,0
DA:353,0
DA:362,0
DA:363,0
DA:365,0
DA:367,0
DA:370,0
DA:373,0
DA:375,0
DA:376,0
DA:377,0
DA:378,0
DA:385,0
DA:387,0
DA:388,0
DA:389,0
DA:390,0
DA:398,0
DA:399,0
DA:400,0
DA:408,0
DA:409,0
DA:411,0
DA:413,0
DA:415,0
DA:417,0
DA:420,0
DA:421,0
DA:423,0
DA:424,0
DA:425,0
DA:427,0
DA:428,0
DA:429,0
DA:430,0
DA:432,0
DA:433,0
DA:440,0
DA:441,0
DA:442,0
DA:443,0
DA:456,0
DA:457,0
DA:458,0
DA:459,0
DA:460,0
DA:465,0
DA:467,0
DA:468,0
DA:473,0
DA:474,0
DA:475,0
DA:483,0
DA:484,0
DA:486,0
DA:488,0
DA:490,0
DA:492,0
DA:495,0
DA:506,0
DA:507,0
DA:508,0
DA:511,0
DA:512,0
DA:513,0
DA:521,0
DA:526,0
DA:527,0
DA:537,0
DA:540,0
DA:543,0
DA:555,0
DA:556,0
DA:558,0
DA:559,0
DA:560,0
DA:568,0
DA:569,0
DA:570,0
DA:571,0
DA:572,0
DA:573,0
DA:580,0
DA:587,0
DA:588,0
DA:590,0
DA:591,0
DA:592,0
DA:593,0
DA:594,0
DA:599,0
DA:600,0
DA:601,0
DA:602,0
DA:603,0
DA:610,0
DA:615,0
DA:616,0
DA:617,0
LF:241
LH:1
end_of_record
SF:lib\providers\friends_provider.dart
DA:7,0
DA:8,0
DA:13,0
DA:14,0
DA:15,0
DA:22,0
DA:24,0
DA:25,0
DA:26,0
DA:28,0
DA:33,0
DA:35,0
DA:36,0
DA:37,0
DA:39,0
DA:45,0
DA:47,0
DA:48,0
DA:50,0
DA:56,0
DA:57,0
DA:62,0
DA:63,0
DA:64,0
DA:65,0
DA:66,0
DA:73,0
DA:74,0
DA:75,0
DA:82,0
DA:84,0
DA:85,0
DA:86,0
DA:88,0
DA:90,0
DA:95,0
DA:101,0
DA:102,0
DA:105,0
DA:108,0
DA:110,0
DA:116,0
DA:118,0
DA:119,0
DA:121,0
DA:124,0
DA:126,0
DA:132,0
DA:134,0
DA:135,0
DA:136,0
DA:138,0
DA:143,0
DA:144,0
DA:149,0
DA:150,0
DA:153,0
DA:154,0
DA:155,0
DA:156,0
DA:161,0
DA:162,0
DA:163,0
DA:164,0
DA:165,0
DA:169,0
DA:170,0
DA:171,0
DA:172,0
DA:173,0
DA:177,0
DA:181,0
DA:182,0
DA:186,7
DA:187,1
LF:75
LH:2
end_of_record
SF:lib\providers\user_provider.dart
DA:6,20
DA:7,5
DA:11,23
DA:12,10
DA:13,5
DA:18,0
DA:19,0
DA:25,0
DA:27,0
DA:28,0
DA:30,0
DA:35,0
DA:40,0
DA:42,0
DA:47,0
DA:49,0
DA:54,0
DA:55,0
DA:57,0
DA:62,0
DA:63,0
DA:64,0
DA:68,0
DA:69,0
DA:74,0
DA:75,0
DA:76,0
DA:81,2
DA:82,1
DA:88,1
DA:90,2
DA:91,2
DA:93,2
DA:98,0
DA:100,0
DA:101,0
DA:103,0
DA:108,0
DA:110,0
DA:111,0
DA:113,0
DA:118,0
DA:120,0
DA:121,0
DA:123,0
DA:128,0
DA:129,0
DA:134,2
DA:135,2
DA:138,3
DA:142,19
DA:143,8
DA:144,4
DA:148,4
DA:151,2
DA:152,1
DA:156,0
DA:159,0
DA:160,0
DA:164,0
DA:165,0
DA:166,0
DA:170,4
DA:171,2
DA:172,1
DA:176,0
DA:177,0
DA:178,0
DA:183,0
DA:184,0
DA:190,0
DA:192,0
DA:193,0
DA:195,0
DA:200,0
DA:202,0
DA:203,0
DA:205,0
DA:210,0
DA:211,0
DA:216,0
DA:217,0
DA:218,0
DA:224,0
DA:225,0
DA:226,0
DA:232,0
DA:234,0
DA:235,0
DA:237,0
DA:242,0
DA:244,0
DA:245,0
DA:247,0
DA:252,0
DA:253,0
DA:258,0
DA:259,0
DA:262,0
DA:263,0
DA:268,3
DA:269,1
DA:275,1
DA:277,2
DA:278,0
DA:285,0
DA:286,0
DA:287,0
DA:290,0
DA:293,0
DA:298,0
DA:299,0
DA:300,0
DA:303,0
DA:306,0
DA:311,0
DA:312,0
DA:316,0
DA:317,0
DA:322,2
DA:323,2
DA:324,3
LF:122
LH:30
end_of_record
SF:lib\widgets\friend_list_item.dart
DA:7,0
DA:20,0
DA:22,0
DA:24,0
DA:26,0
DA:28,0
DA:29,0
DA:30,0
DA:31,0
DA:32,0
DA:37,0
DA:38,0
DA:39,0
DA:41,0
DA:43,0
DA:45,0
DA:46,0
DA:48,0
DA:49,0
DA:50,0
DA:51,0
DA:55,0
DA:56,0
DA:57,0
DA:58,0
DA:61,0
DA:64,0
DA:65,0
DA:66,0
DA:67,0
DA:74,0
DA:75,0
DA:77,0
DA:78,0
DA:82,0
DA:94,0
DA:96,0
DA:99,0
DA:104,0
DA:105,0
DA:106,0
DA:108,0
DA:110,0
DA:111,0
DA:112,0
DA:113,0
DA:114,0
DA:116,0
DA:117,0
DA:119,0
DA:123,0
DA:124,0
DA:125,0
DA:126,0
DA:128,0
DA:130,0
DA:132,0
DA:133,0
DA:134,0
DA:135,0
DA:136,0
DA:138,0
DA:139,0
DA:143,0
DA:144,0
DA:146,0
DA:148,0
DA:149,0
DA:152,0
DA:153,0
DA:154,0
DA:157,0
DA:158,0
DA:159,0
DA:160,0
DA:162,0
DA:163,0
DA:164,0
LF:78
LH:0
end_of_record
SF:lib\widgets\shared_reading_item.dart
DA:8,0
DA:19,0
DA:21,0
DA:23,0
DA:25,0
DA:26,0
DA:27,0
DA:28,0
DA:30,0
DA:32,0
DA:34,0
DA:35,0
DA:36,0
DA:38,0
DA:40,0
DA:41,0
DA:44,0
DA:48,0
DA:49,0
DA:51,0
DA:52,0
DA:56,0
DA:57,0
DA:59,0
DA:60,0
DA:61,0
DA:62,0
DA:63,0
DA:69,0
DA:70,0
DA:75,0
DA:76,0
DA:77,0
DA:79,0
DA:80,0
DA:81,0
DA:82,0
DA:93,0
DA:95,0
DA:96,0
DA:98,0
DA:99,0
DA:101,0
DA:103,0
DA:104,0
DA:105,0
DA:106,0
DA:107,0
DA:109,0
DA:112,0
DA:113,0
DA:114,0
DA:115,0
DA:120,0
DA:121,0
DA:122,0
DA:123,0
DA:131,0
DA:133,0
DA:135,0
DA:136,0
DA:137,0
DA:139,0
DA:141,0
DA:143,0
DA:144,0
DA:145,0
DA:148,0
DA:151,0
DA:152,0
DA:153,0
DA:154,0
DA:159,0
DA:160,0
DA:161,0
DA:162,0
DA:171,0
DA:172,0
DA:174,0
DA:175,0
DA:176,0
DA:181,0
DA:182,0
DA:184,0
DA:185,0
DA:199,0
DA:201,0
DA:203,0
DA:205,0
DA:207,0
LF:90
LH:0
end_of_record
SF:lib\pages\shared_reading_page.dart
DA:10,0
DA:19,0
DA:20,0
DA:27,0
DA:29,0
DA:30,0
DA:33,0
DA:35,0
DA:36,0
DA:39,0
DA:42,0
DA:44,0
DA:45,0
DA:46,0
DA:48,0
DA:49,0
DA:50,0
DA:51,0
DA:53,0
DA:55,0
DA:57,0
DA:58,0
DA:65,0
DA:66,0
DA:73,0
DA:74,0
DA:75,0
DA:77,0
DA:79,0
DA:85,0
DA:86,0
DA:88,0
DA:90,0
DA:92,0
DA:94,0
DA:95,0
DA:97,0
DA:99,0
DA:100,0
DA:101,0
DA:102,0
DA:103,0
DA:104,0
DA:107,0
DA:108,0
DA:109,0
DA:110,0
DA:115,0
DA:116,0
DA:117,0
DA:118,0
DA:122,0
DA:123,0
DA:124,0
DA:125,0
DA:136,0
DA:137,0
DA:138,0
DA:139,0
DA:140,0
DA:147,0
DA:148,0
DA:149,0
DA:151,0
DA:153,0
DA:154,0
DA:155,0
DA:156,0
DA:158,0
DA:161,0
DA:163,0
DA:164,0
DA:169,0
DA:170,0
DA:171,0
DA:181,0
DA:182,0
DA:184,0
DA:186,0
DA:187,0
DA:188,0
DA:189,0
DA:191,0
DA:194,0
DA:196,0
DA:197,0
DA:200,0
DA:201,0
DA:203,0
DA:208,0
DA:209,0
DA:210,0
DA:212,0
DA:213,0
DA:214,0
DA:215,0
DA:216,0
DA:217,0
DA:218,0
DA:226,0
DA:227,0
DA:229,0
DA:230,0
DA:234,0
DA:235,0
DA:236,0
DA:237,0
DA:238,0
DA:239,0
DA:240,0
DA:244,0
DA:245,0
DA:260,0
DA:261,0
DA:262,0
DA:263,0
DA:267,0
DA:268,0
DA:270,0
DA:271,0
DA:272,0
DA:275,0
DA:276,0
DA:277,0
DA:278,0
DA:280,0
DA:284,0
DA:286,0
DA:288,0
DA:291,0
DA:292,0
DA:293,0
DA:297,0
DA:298,0
DA:299,0
DA:307,0
DA:309,0
DA:311,0
DA:313,0
DA:315,0
LF:140
LH:0
end_of_record
SF:lib\pages\home_page.dart
DA:14,3
DA:16,5
DA:17,5
DA:23,5
DA:26,15
DA:27,15
DA:28,15
DA:30,4
DA:31,4
DA:33,4
DA:34,4
DA:36,4
DA:38,4
DA:40,5
DA:45,8
DA:50,4
DA:55,4
DA:64,5
DA:65,5
DA:66,4
DA:67,4
DA:71,4
DA:72,4
DA:74,0
DA:75,0
DA:78,0
DA:82,4
DA:85,4
DA:86,4
DA:89,4
DA:90,4
DA:92,12
DA:93,4
DA:95,12
DA:98,4
DA:99,4
DA:101,4
DA:103,4
DA:104,4
DA:105,4
DA:106,4
DA:108,12
DA:112,4
DA:113,4
DA:115,4
DA:116,4
DA:118,16
DA:119,12
DA:123,4
DA:124,8
DA:125,4
DA:126,12
DA:127,4
DA:129,8
DA:130,4
DA:131,12
DA:132,4
DA:134,0
DA:135,0
DA:136,0
DA:137,0
DA:146,4
DA:147,4
DA:148,16
DA:149,12
DA:158,4
DA:163,4
DA:165,4
DA:167,4
DA:168,4
DA:170,4
DA:172,4
DA:173,4
DA:174,4
DA:175,4
DA:177,12
DA:180,4
DA:181,4
DA:182,4
DA:184,12
DA:189,4
DA:190,8
DA:192,4
DA:194,4
DA:195,4
DA:196,0
DA:197,0
DA:198,0
DA:201,4
DA:203,4
DA:212,4
DA:213,4
DA:214,4
DA:215,4
DA:216,4
DA:217,12
DA:218,4
DA:219,4
DA:221,8
DA:227,4
DA:229,12
DA:235,0
DA:236,0
DA:237,0
DA:238,0
DA:239,0
DA:240,0
DA:244,0
DA:246,0
DA:247,0
DA:249,0
DA:250,0
DA:252,0
DA:253,0
DA:254,0
DA:261,4
DA:264,4
DA:265,4
DA:266,4
DA:267,4
DA:268,0
DA:269,0
DA:270,0
DA:272,0
DA:275,8
DA:278,4
DA:280,0
DA:281,0
DA:282,0
DA:283,0
DA:286,0
DA:294,8
DA:295,4
DA:297,4
DA:299,4
DA:303,0
DA:305,0
DA:306,0
DA:307,0
DA:310,0
DA:313,0
DA:314,0
DA:315,0
DA:318,0
DA:319,0
DA:320,0
DA:321,0
DA:325,0
DA:326,0
DA:327,0
DA:339,4
DA:343,4
DA:345,4
DA:347,4
DA:348,4
DA:350,4
DA:351,4
DA:352,4
DA:353,4
DA:355,12
DA:357,4
DA:358,0
DA:360,0
DA:361,0
DA:364,8
DA:369,4
DA:370,8
DA:371,4
DA:373,4
DA:374,4
DA:376,4
DA:377,4
DA:378,4
DA:381,12
DA:384,4
DA:385,4
DA:386,12
DA:387,4
DA:390,4
DA:391,4
DA:392,12
DA:393,4
DA:394,4
DA:396,8
DA:401,4
DA:402,0
DA:404,0
DA:405,0
DA:406,0
DA:407,0
DA:413,8
DA:419,0
DA:421,0
DA:423,0
DA:424,0
DA:425,0
DA:426,0
DA:428,0
DA:429,0
DA:431,0
DA:433,0
DA:437,0
DA:438,0
DA:439,0
DA:441,0
DA:442,0
DA:443,0
DA:447,0
DA:449,0
DA:451,0
DA:452,0
DA:453,0
DA:454,0
DA:459,0
DA:460,0
DA:462,0
DA:463,0
DA:467,0
DA:468,0
DA:469,0
DA:470,0
DA:471,0
DA:472,0
DA:473,0
DA:474,0
DA:475,0
DA:481,0
DA:482,0
DA:483,0
DA:484,0
DA:485,0
DA:486,0
DA:487,0
DA:489,0
DA:495,0
DA:496,0
DA:497,0
DA:498,0
DA:499,0
DA:500,0
DA:505,0
DA:506,0
DA:507,0
DA:508,0
DA:509,0
DA:511,0
DA:525,8
DA:526,4
DA:528,4
DA:530,4
DA:534,0
DA:536,0
DA:537,0
DA:539,0
DA:540,0
DA:541,0
DA:544,0
DA:547,0
DA:548,0
DA:549,0
DA:552,0
DA:553,0
DA:554,0
DA:555,0
DA:567,4
DA:568,4
DA:569,4
DA:570,4
DA:571,8
DA:572,4
DA:573,4
DA:576,4
DA:577,4
DA:578,4
DA:581,4
DA:582,8
DA:584,4
DA:591,4
DA:597,4
DA:599,4
DA:600,4
DA:601,4
DA:602,4
DA:603,4
DA:606,4
DA:607,4
DA:609,12
DA:610,4
DA:612,12
DA:616,4
DA:618,4
DA:620,4
DA:621,4
DA:622,4
DA:623,4
DA:625,4
DA:626,4
DA:628,12
DA:629,4
DA:631,4
DA:633,12
DA:638,4
DA:639,4
DA:640,16
DA:647,4
DA:649,4
DA:650,4
DA:652,12
DA:653,4
DA:654,4
DA:655,4
DA:657,12
DA:660,4
DA:662,4
DA:663,4
DA:665,4
DA:667,12
DA:671,4
DA:673,16
DA:682,4
DA:683,4
DA:684,4
DA:685,4
DA:686,0
DA:688,0
DA:689,0
DA:690,0
DA:695,8
DA:699,4
DA:700,0
DA:701,0
DA:706,4
LF:332
LH:201
end_of_record
SF:lib\utils\theme_helpers.dart
DA:6,0
DA:7,0
DA:10,0
DA:12,0
DA:16,4
DA:17,12
DA:20,4
DA:22,12
DA:26,4
DA:30,12
DA:33,4
DA:34,4
DA:36,0
DA:37,4
DA:39,8
DA:45,0
DA:46,0
DA:49,0
DA:50,0
LF:19
LH:10
end_of_record
SF:lib\widgets\background_widget.dart
DA:32,4
DA:49,4
DA:50,4
DA:60,4
DA:62,4
DA:63,4
DA:66,4
DA:68,8
DA:69,0
DA:73,0
DA:74,0
DA:76,0
DA:80,20
DA:81,0
DA:85,4
DA:86,4
DA:87,16
DA:90,0
DA:92,0
DA:93,0
DA:94,0
DA:95,0
DA:96,0
DA:98,0
DA:99,0
DA:100,0
DA:104,0
DA:109,4
DA:111,4
DA:112,4
DA:113,4
DA:116,4
DA:118,12
DA:121,8
DA:122,12
DA:123,0
DA:125,4
DA:129,0
DA:133,0
DA:134,0
DA:136,0
DA:139,0
DA:141,0
DA:142,0
DA:144,0
DA:145,0
DA:147,0
DA:148,0
DA:149,0
DA:150,0
DA:155,0
DA:156,0
DA:159,0
DA:164,4
DA:165,8
DA:167,8
DA:169,0
DA:170,4
DA:172,4
DA:173,4
DA:174,4
DA:175,12
DA:177,4
DA:180,8
DA:184,0
DA:186,0
DA:188,0
DA:193,0
DA:199,0
DA:200,0
DA:201,0
DA:202,0
DA:203,0
DA:206,0
DA:213,0
DA:215,0
DA:216,0
DA:220,0
DA:222,0
DA:223,0
DA:225,0
DA:227,0
DA:228,0
DA:232,0
DA:236,0
DA:237,0
DA:238,0
DA:239,0
DA:246,0
DA:247,0
DA:249,0
DA:250,0
LF:92
LH:31
end_of_record
SF:lib\pages\interpretations_page.dart
DA:14,2
DA:16,0
DA:18,0
DA:19,0
DA:20,0
DA:22,0
DA:23,0
DA:24,0
DA:27,0
DA:28,0
DA:29,0
DA:30,0
DA:32,0
DA:34,0
DA:35,0
DA:37,0
DA:41,0
DA:42,0
DA:44,0
DA:46,0
DA:48,0
DA:49,0
DA:50,0
DA:51,0
DA:58,0
DA:63,0
DA:68,0
DA:69,0
DA:70,0
DA:71,0
DA:72,0
DA:73,0
DA:79,0
DA:80,0
DA:82,0
DA:85,0
DA:93,0
DA:99,0
DA:100,0
DA:102,0
DA:103,0
DA:104,0
DA:105,0
DA:107,0
DA:110,0
DA:111,0
DA:112,0
DA:113,0
DA:117,0
DA:118,0
DA:119,0
DA:126,0
DA:132,0
DA:133,0
DA:135,0
DA:137,0
DA:139,0
DA:141,0
DA:142,0
DA:143,0
DA:144,0
DA:146,0
DA:147,0
DA:148,0
DA:155,0
DA:157,0
DA:158,0
DA:159,0
DA:160,0
DA:166,0
DA:168,0
DA:170,0
DA:173,0
DA:177,0
DA:183,0
DA:184,0
DA:185,0
DA:186,0
DA:187,0
DA:189,0
DA:193,0
DA:194,0
DA:195,0
DA:196,0
DA:199,0
DA:211,0
DA:212,0
DA:213,0
DA:215,0
DA:217,0
DA:218,0
DA:219,0
DA:220,0
DA:222,0
DA:225,0
DA:226,0
DA:227,0
DA:228,0
DA:229,0
DA:231,0
DA:232,0
DA:233,0
DA:236,0
DA:239,0
DA:240,0
DA:241,0
DA:244,0
DA:245,0
DA:246,0
DA:247,0
DA:257,0
DA:258,0
DA:259,0
DA:261,0
DA:262,0
DA:263,0
DA:265,0
DA:266,0
DA:267,0
DA:268,0
DA:269,0
DA:271,0
DA:276,0
DA:277,0
DA:278,0
DA:281,0
DA:283,0
DA:284,0
DA:285,0
DA:286,0
DA:293,0
DA:296,0
DA:297,0
DA:298,0
DA:300,0
DA:301,0
DA:302,0
DA:311,0
DA:312,0
DA:313,0
DA:314,0
DA:316,0
DA:318,0
DA:319,0
DA:320,0
DA:321,0
DA:323,0
DA:324,0
DA:326,0
DA:327,0
DA:328,0
DA:329,0
DA:330,0
DA:335,0
DA:336,0
DA:345,0
DA:346,0
DA:347,0
DA:348,0
DA:349,0
DA:350,0
DA:351,0
DA:352,0
DA:354,0
DA:355,0
DA:365,0
DA:366,0
DA:367,0
DA:368,0
DA:372,0
DA:374,0
DA:376,0
DA:377,0
DA:378,0
DA:381,0
DA:382,0
DA:383,0
DA:384,0
DA:387,0
DA:389,0
DA:390,0
DA:391,0
DA:398,0
DA:399,0
DA:400,0
DA:401,0
DA:403,0
DA:404,0
DA:405,0
DA:406,0
DA:407,0
DA:409,0
DA:413,0
DA:415,0
DA:416,0
DA:417,0
DA:418,0
DA:419,0
DA:425,0
DA:428,0
DA:429,0
DA:430,0
DA:431,0
DA:438,0
LF:204
LH:1
end_of_record
SF:lib\providers\manual_interpretation_provider.dart
DA:9,4
DA:10,4
DA:11,2
DA:25,4
DA:36,2
DA:46,2
DA:47,2
DA:48,2
DA:49,2
DA:50,2
DA:52,2
DA:53,2
DA:54,2
DA:58,0
DA:59,0
DA:60,0
DA:61,0
DA:67,2
DA:68,2
DA:69,2
DA:76,2
DA:78,6
DA:79,4
DA:80,3
DA:82,3
DA:83,1
DA:90,2
DA:91,6
DA:95,0
DA:96,0
DA:99,0
DA:102,0
DA:103,0
DA:104,0
DA:108,0
DA:109,0
DA:110,0
DA:113,0
DA:115,0
DA:120,0
DA:128,0
DA:131,0
DA:133,0
DA:139,0
DA:144,0
DA:145,0
DA:147,0
DA:148,0
DA:151,0
DA:152,0
DA:156,0
DA:158,0
DA:165,0
DA:166,0
DA:167,0
DA:168,0
DA:173,0
DA:175,0
DA:178,0
DA:179,0
DA:180,0
DA:185,0
DA:186,0
DA:192,0
DA:194,0
DA:200,0
DA:201,0
DA:208,0
DA:210,0
DA:212,0
DA:214,0
DA:216,0
DA:221,0
DA:222,0
DA:223,0
DA:227,0
DA:229,0
DA:233,0
DA:235,0
DA:238,0
DA:240,0
DA:245,1
DA:246,3
DA:247,1
DA:248,1
DA:254,0
DA:255,0
DA:257,0
DA:258,0
DA:259,0
DA:260,0
DA:261,0
DA:266,0
DA:267,0
DA:272,4
DA:273,2
DA:276,2
DA:277,4
DA:278,2
DA:279,2
DA:283,0
DA:284,0
DA:285,0
DA:286,0
LF:104
LH:34
end_of_record
SF:lib\widgets\topic_selector_widget.dart
DA:15,0
DA:23,0
DA:25,0
DA:26,0
DA:27,0
DA:28,0
DA:29,0
DA:31,0
DA:32,0
DA:34,0
DA:37,0
DA:39,0
DA:40,0
DA:42,0
DA:46,0
DA:52,0
DA:57,0
DA:66,0
DA:67,0
DA:68,0
DA:69,0
DA:70,0
DA:71,0
DA:72,0
DA:76,0
DA:79,0
DA:83,0
DA:90,0
DA:96,0
DA:98,0
DA:101,0
DA:102,0
DA:104,0
DA:106,0
DA:109,0
DA:112,0
DA:114,0
DA:119,0
DA:122,0
DA:126,0
DA:128,0
DA:130,0
DA:131,0
DA:132,0
DA:137,0
DA:138,0
DA:139,0
DA:146,0
DA:148,0
DA:149,0
DA:150,0
DA:152,0
DA:169,0
DA:171,0
DA:173,0
DA:175,0
DA:177,0
DA:189,0
DA:196,0
DA:198,0
DA:199,0
DA:200,0
DA:201,0
DA:202,0
DA:204,0
DA:205,0
DA:206,0
DA:207,0
DA:209,0
DA:217,0
DA:223,0
DA:230,0
DA:233,0
DA:234,0
DA:236,0
DA:239,0
DA:242,0
DA:245,0
DA:248,0
DA:250,0
DA:251,0
DA:252,0
DA:257,0
DA:258,0
DA:259,0
DA:271,0
DA:273,0
DA:275,0
DA:277,0
DA:279,0
LF:90
LH:0
end_of_record
SF:lib\widgets\manual_card_display.dart
DA:13,0
DA:21,0
DA:23,0
DA:24,0
DA:27,0
DA:29,0
DA:31,0
DA:32,0
DA:33,0
DA:35,0
DA:37,0
DA:40,0
DA:42,0
DA:43,0
DA:44,0
DA:46,0
DA:47,0
DA:48,0
DA:60,0
DA:61,0
DA:68,0
DA:69,0
DA:70,0
DA:71,0
DA:77,0
DA:78,0
DA:79,0
DA:81,0
DA:82,0
DA:83,0
DA:86,0
DA:89,0
DA:91,0
DA:94,0
DA:96,0
DA:97,0
DA:107,0
DA:112,0
DA:114,0
DA:116,0
DA:118,0
DA:120,0
DA:121,0
DA:123,0
DA:124,0
DA:125,0
DA:126,0
DA:132,0
DA:137,0
DA:138,0
DA:139,0
DA:141,0
DA:143,0
DA:144,0
DA:145,0
DA:146,0
DA:147,0
DA:149,0
DA:151,0
DA:154,0
DA:156,0
DA:159,0
DA:161,0
DA:173,0
DA:174,0
DA:175,0
DA:189,0
DA:191,0
DA:193,0
DA:196,0
DA:197,0
DA:206,0
DA:207,0
DA:209,0
DA:211,0
DA:212,0
DA:213,0
DA:214,0
DA:220,0
DA:221,0
DA:222,0
DA:223,0
DA:230,0
DA:232,0
DA:233,0
DA:234,0
DA:235,0
DA:236,0
DA:237,0
DA:239,0
DA:240,0
DA:241,0
DA:255,0
DA:260,0
DA:262,0
DA:264,0
DA:266,0
DA:274,0
DA:275,0
DA:276,0
DA:279,0
DA:280,0
DA:281,0
DA:282,0
DA:283,0
DA:285,0
DA:300,0
DA:306,0
DA:308,0
DA:312,0
DA:314,0
DA:316,0
DA:317,0
DA:318,0
DA:319,0
DA:320,0
DA:321,0
DA:324,0
DA:325,0
DA:327,0
DA:328,0
DA:329,0
DA:338,0
DA:339,0
DA:340,0
LF:125
LH:0
end_of_record
SF:lib\widgets\card_connections_widget.dart
DA:9,0
DA:11,0
DA:13,0
DA:17,0
DA:19,0
DA:21,0
DA:23,0
DA:25,0
DA:26,0
DA:27,0
DA:29,0
DA:33,0
DA:35,0
DA:45,0
DA:46,0
DA:54,0
DA:55,0
DA:58,0
DA:59,0
DA:61,0
DA:62,0
DA:63,0
DA:64,0
DA:68,0
DA:70,0
DA:72,0
DA:73,0
DA:74,0
DA:76,0
DA:77,0
DA:79,0
DA:81,0
DA:83,0
DA:84,0
DA:85,0
DA:92,0
DA:93,0
DA:94,0
DA:96,0
DA:105,0
DA:106,0
DA:107,0
DA:114,0
DA:116,0
DA:118,0
DA:120,0
DA:122,0
DA:132,0
DA:134,0
DA:136,0
DA:142,0
DA:144,0
DA:148,0
DA:150,0
DA:151,0
DA:153,0
DA:154,0
DA:155,0
DA:156,0
DA:159,0
DA:161,0
DA:162,0
DA:163,0
DA:165,0
DA:169,0
DA:171,0
DA:176,0
DA:181,0
DA:182,0
DA:183,0
DA:185,0
DA:186,0
DA:187,0
DA:194,0
DA:195,0
DA:196,0
DA:204,0
DA:205,0
DA:212,0
DA:213,0
DA:214,0
DA:215,0
DA:217,0
DA:225,0
DA:226,0
DA:229,0
DA:230,0
DA:232,0
DA:233,0
DA:234,0
DA:235,0
DA:239,0
DA:241,0
DA:243,0
DA:244,0
DA:245,0
DA:247,0
DA:248,0
DA:250,0
DA:252,0
DA:254,0
DA:255,0
DA:256,0
DA:268,0
DA:269,0
DA:270,0
DA:272,0
DA:279,0
DA:280,0
DA:281,0
DA:288,0
DA:290,0
DA:292,0
DA:294,0
DA:296,0
LF:115
LH:0
end_of_record
SF:lib\widgets\card_selection_grid.dart
DA:19,0
DA:29,0
DA:30,0
DA:37,0
DA:39,0
DA:40,0
DA:43,0
DA:45,0
DA:46,0
DA:49,0
DA:51,0
DA:52,0
DA:53,0
DA:54,0
DA:55,0
DA:57,0
DA:61,0
DA:62,0
DA:64,0
DA:70,0
DA:75,0
DA:76,0
DA:78,0
DA:79,0
DA:80,0
DA:84,0
DA:85,0
DA:87,0
DA:88,0
DA:89,0
DA:93,0
DA:95,0
DA:101,0
DA:103,0
DA:104,0
DA:105,0
DA:106,0
DA:107,0
DA:108,0
DA:109,0
DA:110,0
DA:112,0
DA:116,0
DA:117,0
DA:119,0
DA:120,0
DA:121,0
DA:126,0
DA:127,0
DA:128,0
DA:129,0
DA:131,0
DA:143,0
DA:144,0
DA:145,0
DA:146,0
DA:148,0
DA:149,0
DA:152,0
DA:155,0
DA:157,0
DA:160,0
DA:162,0
DA:163,0
DA:171,0
DA:179,0
DA:180,0
DA:181,0
DA:182,0
DA:187,0
DA:188,0
DA:189,0
DA:190,0
DA:191,0
DA:192,0
DA:193,0
DA:194,0
DA:197,0
DA:198,0
DA:200,0
DA:202,0
DA:206,0
DA:215,0
DA:217,0
DA:220,0
DA:221,0
DA:226,0
DA:227,0
DA:228,0
DA:229,0
DA:250,0
DA:252,0
DA:254,0
DA:255,0
DA:256,0
DA:257,0
DA:259,0
DA:260,0
DA:262,0
DA:263,0
DA:264,0
DA:266,0
DA:268,0
DA:271,0
DA:272,0
DA:281,0
DA:282,0
DA:284,0
DA:285,0
DA:286,0
DA:288,0
DA:291,0
LF:112
LH:0
end_of_record
SF:lib\pages\journal_page.dart
DA:14,2
DA:16,0
DA:17,0
DA:25,0
DA:27,0
DA:28,0
DA:31,0
DA:33,0
DA:34,0
DA:36,0
DA:37,0
DA:38,0
DA:41,0
DA:42,0
DA:44,0
DA:45,0
DA:50,0
DA:51,0
DA:52,0
DA:54,0
DA:57,0
DA:58,0
DA:59,0
DA:60,0
DA:61,0
DA:70,0
DA:71,0
DA:73,0
DA:75,0
DA:76,0
DA:77,0
DA:78,0
DA:79,0
DA:85,0
DA:86,0
DA:88,0
DA:89,0
DA:90,0
DA:91,0
DA:93,0
DA:94,0
DA:96,0
DA:97,0
DA:98,0
DA:99,0
DA:104,0
DA:105,0
DA:109,0
DA:111,0
DA:112,0
DA:113,0
DA:121,0
DA:123,0
DA:124,0
DA:125,0
DA:126,0
DA:127,0
DA:128,0
DA:129,0
DA:130,0
DA:135,0
DA:136,0
DA:138,0
DA:139,0
DA:140,0
DA:141,0
DA:142,0
DA:143,0
DA:157,0
DA:159,0
DA:161,0
DA:166,0
DA:167,0
DA:168,0
DA:169,0
DA:170,0
DA:171,0
DA:172,0
DA:173,0
DA:178,0
DA:180,0
DA:181,0
DA:184,0
DA:186,0
DA:187,0
DA:188,0
DA:189,0
DA:191,0
DA:193,0
DA:194,0
DA:195,0
DA:202,0
DA:203,0
DA:205,0
DA:206,0
DA:208,0
DA:210,0
DA:211,0
DA:212,0
DA:216,0
DA:219,0
DA:220,0
DA:221,0
DA:222,0
DA:223,0
DA:226,0
DA:227,0
DA:228,0
DA:229,0
DA:230,0
DA:231,0
DA:235,0
DA:237,0
DA:238,0
DA:240,0
DA:249,0
DA:250,0
DA:252,0
DA:253,0
DA:255,0
DA:257,0
DA:258,0
DA:261,0
DA:264,0
DA:265,0
DA:266,0
DA:269,0
DA:270,0
DA:271,0
DA:272,0
DA:277,0
DA:278,0
DA:279,0
DA:282,0
DA:290,0
DA:291,0
DA:292,0
DA:293,0
DA:298,0
DA:299,0
DA:301,0
DA:305,0
DA:306,0
DA:308,0
DA:310,0
DA:311,0
DA:312,0
DA:313,0
DA:314,0
DA:315,0
DA:316,0
DA:318,0
DA:319,0
DA:320,0
DA:321,0
DA:323,0
DA:329,0
DA:330,0
DA:331,0
DA:332,0
DA:334,0
DA:335,0
DA:336,0
DA:337,0
DA:339,0
DA:340,0
DA:343,0
DA:344,0
LF:168
LH:1
end_of_record
SF:lib\providers\journal_provider.dart
DA:7,0
DA:8,0
DA:13,0
DA:14,0
DA:15,0
DA:21,0
DA:23,0
DA:24,0
DA:26,0
DA:31,0
DA:32,0
DA:33,0
DA:37,0
DA:39,0
DA:42,0
DA:51,0
DA:53,0
DA:59,0
DA:60,0
DA:61,0
DA:62,0
DA:65,0
DA:66,0
DA:75,0
DA:77,0
DA:80,0
DA:82,0
DA:83,0
DA:84,0
DA:93,0
DA:94,0
DA:95,0
DA:99,0
DA:100,0
DA:101,0
DA:106,0
DA:107,0
DA:110,0
DA:114,0
DA:117,0
DA:118,0
DA:122,0
DA:123,0
DA:124,0
DA:125,0
DA:126,0
DA:127,0
DA:132,0
DA:136,0
DA:137,0
DA:138,0
DA:139,0
DA:140,0
DA:145,0
DA:146,0
DA:147,0
DA:148,0
DA:150,0
DA:155,0
DA:156,0
DA:161,0
DA:162,0
DA:163,0
DA:164,0
DA:165,0
DA:166,0
DA:171,0
DA:172,0
DA:173,0
DA:174,0
DA:175,0
DA:176,0
LF:72
LH:0
end_of_record
SF:lib\widgets\journal_entry_widget.dart
DA:17,0
DA:27,0
DA:28,0
DA:37,0
DA:39,0
DA:40,0
DA:41,0
DA:45,0
DA:46,0
DA:50,0
DA:51,0
DA:55,0
DA:57,0
DA:58,0
DA:61,0
DA:62,0
DA:63,0
DA:64,0
DA:65,0
DA:67,0
DA:72,0
DA:74,0
DA:76,0
DA:79,0
DA:80,0
DA:81,0
DA:83,0
DA:85,0
DA:87,0
DA:88,0
DA:90,0
DA:91,0
DA:92,0
DA:93,0
DA:94,0
DA:95,0
DA:99,0
DA:101,0
DA:109,0
DA:110,0
DA:111,0
DA:112,0
DA:114,0
DA:115,0
DA:116,0
DA:118,0
DA:120,0
DA:121,0
DA:122,0
DA:124,0
DA:127,0
DA:128,0
DA:129,0
DA:130,0
DA:138,0
DA:139,0
DA:140,0
DA:141,0
DA:145,0
DA:146,0
DA:147,0
DA:153,0
DA:154,0
DA:156,0
DA:157,0
DA:158,0
DA:159,0
DA:160,0
DA:161,0
DA:164,0
DA:165,0
DA:166,0
DA:167,0
DA:168,0
DA:169,0
DA:175,0
DA:176,0
DA:177,0
DA:184,0
DA:185,0
DA:187,0
DA:193,0
DA:195,0
DA:203,0
DA:204,0
DA:205,0
DA:206,0
DA:208,0
DA:213,0
DA:215,0
DA:217,0
DA:223,0
DA:226,0
DA:227,0
DA:228,0
DA:229,0
DA:230,0
DA:231,0
DA:232,0
DA:235,0
DA:236,0
DA:237,0
DA:243,0
DA:244,0
DA:249,0
DA:250,0
DA:252,0
DA:253,0
DA:254,0
DA:256,0
DA:258,0
DA:260,0
DA:263,0
DA:264,0
DA:265,0
DA:267,0
DA:268,0
DA:269,0
DA:270,0
DA:280,0
DA:281,0
DA:283,0
DA:284,0
DA:285,0
DA:286,0
DA:287,0
DA:288,0
DA:292,0
DA:294,0
DA:299,0
DA:300,0
DA:301,0
DA:303,0
DA:304,0
DA:305,0
DA:306,0
DA:307,0
DA:316,0
DA:317,0
DA:318,0
DA:328,0
DA:329,0
DA:331,0
DA:333,0
DA:334,0
DA:335,0
DA:337,0
DA:339,0
DA:340,0
DA:342,0
DA:343,0
DA:344,0
DA:347,0
DA:350,0
DA:351,0
DA:352,0
DA:353,0
DA:361,0
DA:362,0
DA:364,0
DA:365,0
DA:366,0
DA:368,0
DA:372,0
DA:373,0
DA:375,0
DA:376,0
DA:377,0
DA:378,0
DA:379,0
DA:382,0
DA:388,0
DA:389,0
DA:390,0
DA:393,0
DA:396,0
DA:397,0
DA:398,0
DA:404,0
DA:406,0
DA:408,0
DA:410,0
DA:412,0
DA:417,0
DA:419,0
DA:421,0
DA:423,0
DA:425,0
DA:436,0
DA:442,0
DA:444,0
DA:447,0
DA:448,0
DA:449,0
DA:452,0
DA:453,0
DA:454,0
DA:456,0
DA:457,0
DA:458,0
DA:462,0
DA:463,0
DA:464,0
DA:468,0
DA:469,0
DA:470,0
DA:471,0
DA:473,0
DA:476,0
DA:477,0
DA:483,0
DA:485,0
DA:487,0
DA:489,0
DA:491,0
DA:496,0
DA:498,0
DA:500,0
DA:502,0
DA:504,0
LF:220
LH:0
end_of_record
SF:lib\widgets\share_reading_dialog.dart
DA:9,0
DA:13,0
DA:15,0
DA:16,0
DA:18,0
DA:19,0
DA:20,0
DA:22,0
DA:25,0
DA:27,0
DA:29,0
DA:30,0
DA:32,0
DA:33,0
DA:35,0
DA:37,0
DA:38,0
DA:39,0
DA:40,0
DA:45,0
DA:46,0
DA:47,0
DA:48,0
DA:57,0
DA:59,0
DA:61,0
DA:67,0
DA:68,0
DA:69,0
DA:70,0
DA:73,0
DA:75,0
DA:76,0
DA:77,0
DA:78,0
DA:79,0
DA:84,0
DA:88,0
DA:90,0
DA:91,0
DA:92,0
DA:93,0
DA:94,0
DA:103,0
DA:104,0
DA:105,0
DA:112,0
DA:113,0
DA:116,0
DA:117,0
DA:118,0
DA:120,0
DA:122,0
DA:124,0
DA:125,0
DA:128,0
DA:131,0
DA:133,0
DA:136,0
DA:138,0
DA:139,0
DA:148,0
DA:149,0
DA:151,0
DA:153,0
DA:155,0
DA:156,0
DA:157,0
DA:158,0
DA:159,0
DA:164,0
DA:165,0
DA:166,0
DA:168,0
DA:170,0
DA:171,0
DA:172,0
DA:173,0
DA:177,0
DA:182,0
DA:183,0
DA:184,0
DA:186,0
DA:188,0
DA:189,0
DA:190,0
DA:191,0
DA:193,0
DA:197,0
DA:204,0
DA:207,0
DA:219,0
DA:220,0
DA:222,0
DA:224,0
DA:226,0
DA:228,0
DA:229,0
DA:230,0
DA:231,0
DA:236,0
DA:238,0
DA:240,0
DA:241,0
DA:242,0
DA:243,0
LF:106
LH:0
end_of_record
SF:lib\pages\reading_detail_page.dart
DA:12,0
DA:16,0
DA:17,0
DA:25,0
DA:27,0
DA:28,0
DA:31,0
DA:33,0
DA:34,0
DA:35,0
DA:38,0
DA:39,0
DA:40,0
DA:41,0
DA:66,0
DA:67,0
DA:69,0
DA:71,0
DA:73,0
DA:78,0
DA:83,0
DA:88,0
DA:96,0
DA:97,0
DA:99,0
DA:101,0
DA:103,0
DA:104,0
DA:105,0
DA:106,0
DA:108,0
DA:109,0
DA:110,0
DA:112,0
DA:113,0
DA:114,0
DA:119,0
DA:120,0
DA:122,0
DA:123,0
DA:124,0
DA:125,0
DA:129,0
DA:130,0
DA:131,0
DA:132,0
DA:144,0
DA:145,0
DA:146,0
DA:149,0
DA:152,0
DA:153,0
DA:154,0
DA:155,0
DA:159,0
DA:162,0
DA:165,0
DA:166,0
DA:167,0
DA:168,0
DA:179,0
DA:180,0
DA:182,0
DA:183,0
DA:185,0
DA:186,0
DA:187,0
DA:191,0
DA:192,0
DA:194,0
DA:196,0
DA:198,0
DA:200,0
DA:202,0
DA:203,0
DA:204,0
DA:206,0
DA:212,0
DA:214,0
DA:216,0
DA:219,0
DA:220,0
DA:229,0
DA:230,0
DA:232,0
DA:233,0
DA:234,0
DA:235,0
DA:236,0
DA:239,0
DA:240,0
DA:242,0
DA:247,0
DA:248,0
DA:251,0
DA:253,0
DA:255,0
DA:256,0
DA:257,0
DA:258,0
DA:266,0
DA:269,0
DA:270,0
DA:271,0
DA:272,0
DA:274,0
DA:275,0
DA:276,0
DA:280,0
DA:283,0
DA:284,0
DA:285,0
DA:302,0
DA:303,0
DA:304,0
DA:305,0
DA:306,0
DA:307,0
DA:309,0
DA:310,0
DA:313,0
DA:314,0
DA:315,0
DA:316,0
DA:317,0
DA:324,0
DA:325,0
DA:327,0
DA:329,0
DA:331,0
DA:333,0
DA:334,0
DA:336,0
DA:337,0
DA:338,0
DA:343,0
DA:346,0
DA:347,0
DA:349,0
DA:352,0
DA:354,0
DA:357,0
DA:359,0
DA:362,0
DA:364,0
DA:375,0
DA:376,0
DA:378,0
DA:379,0
DA:380,0
DA:382,0
DA:384,0
DA:385,0
DA:387,0
DA:388,0
DA:389,0
DA:390,0
DA:391,0
DA:398,0
DA:399,0
DA:400,0
DA:404,0
DA:405,0
DA:406,0
DA:409,0
DA:410,0
DA:413,0
DA:414,0
DA:422,0
DA:423,0
DA:432,0
DA:433,0
DA:434,0
DA:440,0
DA:442,0
DA:443,0
DA:445,0
DA:446,0
DA:451,0
DA:453,0
DA:461,0
DA:462,0
DA:463,0
DA:464,0
DA:469,0
DA:470,0
DA:471,0
DA:474,0
DA:475,0
DA:476,0
DA:477,0
DA:479,0
DA:487,0
DA:488,0
DA:489,0
DA:490,0
DA:493,0
DA:494,0
DA:495,0
DA:503,0
DA:504,0
DA:514,0
DA:515,0
DA:516,0
DA:518,0
DA:520,0
DA:522,0
DA:527,0
DA:528,0
DA:529,0
DA:531,0
DA:533,0
DA:535,0
DA:546,0
DA:552,0
DA:554,0
DA:556,0
DA:558,0
DA:560,0
DA:561,0
DA:562,0
DA:563,0
DA:565,0
DA:570,0
DA:571,0
DA:580,0
DA:583,0
DA:584,0
DA:585,0
DA:587,0
DA:588,0
DA:589,0
DA:591,0
LF:233
LH:0
end_of_record
SF:lib\pages\readings_page.dart
DA:14,2
DA:16,0
DA:18,0
DA:20,0
DA:21,0
DA:22,0
DA:26,0
DA:27,0
DA:29,0
DA:31,0
DA:33,0
DA:34,0
DA:35,0
DA:40,0
DA:41,0
DA:42,0
DA:43,0
DA:50,0
DA:55,0
DA:63,0
DA:64,0
DA:72,0
DA:73,0
DA:77,0
DA:86,0
DA:90,0
DA:94,0
DA:98,0
DA:104,0
DA:106,0
DA:107,0
DA:109,0
DA:110,0
DA:111,0
DA:112,0
DA:116,0
DA:117,0
DA:119,0
DA:121,0
DA:122,0
DA:124,0
DA:125,0
DA:128,0
DA:131,0
DA:132,0
DA:133,0
DA:135,0
DA:139,0
DA:140,0
DA:141,0
DA:142,0
DA:155,0
DA:156,0
DA:157,0
DA:158,0
DA:160,0
DA:162,0
DA:163,0
DA:165,0
DA:166,0
DA:168,0
DA:170,0
DA:172,0
DA:173,0
DA:175,0
DA:189,0
DA:190,0
DA:196,0
DA:197,0
DA:199,0
DA:200,0
DA:201,0
DA:204,0
DA:207,0
DA:209,0
DA:215,0
DA:216,0
DA:217,0
DA:219,0
DA:220,0
DA:221,0
DA:224,0
DA:227,0
DA:229,0
DA:232,0
DA:234,0
DA:235,0
DA:236,0
DA:238,0
DA:246,0
DA:248,0
DA:249,0
DA:250,0
DA:251,0
DA:253,0
DA:262,0
DA:263,0
DA:265,0
DA:267,0
DA:268,0
DA:269,0
DA:270,0
DA:271,0
DA:275,0
DA:276,0
DA:278,0
DA:279,0
DA:280,0
DA:282,0
DA:283,0
DA:284,0
DA:286,0
DA:287,0
DA:288,0
DA:293,0
DA:294,0
DA:296,0
DA:297,0
DA:298,0
DA:299,0
DA:304,0
DA:305,0
DA:306,0
DA:307,0
DA:313,0
DA:315,0
DA:325,0
DA:327,0
DA:329,0
DA:331,0
DA:333,0
DA:338,0
DA:340,0
DA:342,0
DA:344,0
DA:346,0
DA:351,0
DA:352,0
DA:353,0
DA:355,0
DA:357,0
DA:359,0
DA:360,0
DA:362,0
LF:144
LH:1
end_of_record
SF:lib\pages\spread_selection_page.dart
DA:15,0
DA:17,0
DA:19,0
DA:20,0
DA:22,0
DA:23,0
DA:24,0
DA:28,0
DA:29,0
DA:31,0
DA:33,0
DA:35,0
DA:38,0
DA:39,0
DA:41,0
DA:42,0
DA:45,0
DA:46,0
DA:47,0
DA:48,0
DA:53,0
DA:54,0
DA:55,0
DA:61,0
DA:62,0
DA:63,0
DA:64,0
DA:66,0
DA:77,0
DA:79,0
DA:84,0
DA:86,0
DA:87,0
DA:94,0
DA:95,0
DA:99,0
DA:103,0
DA:106,0
DA:108,0
DA:109,0
DA:110,0
DA:112,0
DA:116,0
DA:120,0
DA:121,0
DA:122,0
DA:123,0
DA:138,0
DA:144,0
DA:146,0
DA:149,0
DA:150,0
DA:151,0
DA:154,0
DA:157,0
DA:159,0
DA:162,0
DA:164,0
DA:168,0
DA:169,0
DA:171,0
DA:172,0
DA:174,0
DA:177,0
DA:180,0
DA:182,0
DA:183,0
DA:185,0
DA:186,0
DA:187,0
DA:188,0
DA:193,0
DA:200,0
DA:201,0
DA:203,0
DA:204,0
DA:205,0
DA:206,0
DA:207,0
DA:211,0
DA:215,0
DA:216,0
DA:217,0
DA:218,0
DA:220,0
DA:224,0
DA:225,0
DA:226,0
DA:227,0
DA:230,0
DA:239,0
DA:241,0
DA:259,0
DA:261,0
DA:263,0
DA:265,0
DA:267,0
DA:272,0
DA:273,0
DA:274,0
DA:275,0
DA:276,0
DA:277,0
DA:278,0
DA:279,0
DA:292,0
DA:298,0
DA:300,0
DA:314,0
DA:316,0
DA:317,0
DA:318,0
DA:321,0
DA:322,0
DA:327,0
DA:333,0
DA:334,0
DA:335,0
DA:336,0
DA:337,0
DA:338,0
DA:339,0
DA:340,0
DA:341,0
DA:348,0
DA:349,0
DA:350,0
DA:351,0
DA:352,0
DA:353,0
DA:354,0
DA:355,0
DA:362,0
DA:365,0
DA:367,0
DA:368,0
DA:369,0
DA:372,0
DA:374,0
DA:375,0
DA:379,0
DA:380,0
DA:381,0
DA:385,0
DA:387,0
DA:388,0
DA:389,0
DA:392,0
DA:394,0
DA:396,0
DA:397,0
DA:398,0
DA:402,0
DA:403,0
DA:404,0
DA:405,0
DA:406,0
DA:407,0
DA:408,0
DA:414,0
DA:415,0
DA:416,0
DA:418,0
DA:421,0
DA:423,0
DA:426,0
DA:428,0
DA:429,0
DA:437,0
DA:438,0
DA:439,0
DA:441,0
DA:442,0
DA:445,0
DA:448,0
DA:450,0
DA:453,0
DA:455,0
DA:456,0
DA:461,0
DA:462,0
DA:470,0
DA:471,0
DA:473,0
DA:474,0
DA:476,0
DA:480,0
DA:485,0
DA:486,0
DA:487,0
DA:488,0
DA:490,0
DA:492,0
DA:495,0
DA:501,0
DA:502,0
DA:505,0
DA:506,0
DA:509,0
DA:510,0
DA:511,0
DA:515,0
DA:516,0
DA:519,0
DA:520,0
DA:521,0
DA:522,0
DA:527,0
DA:528,0
DA:529,0
DA:535,0
DA:536,0
DA:537,0
DA:538,0
DA:539,0
DA:540,0
DA:548,0
DA:549,0
DA:551,0
DA:552,0
DA:553,0
DA:554,0
DA:555,0
DA:556,0
DA:557,0
DA:559,0
DA:560,0
DA:561,0
DA:562,0
DA:563,0
DA:564,0
DA:574,0
DA:575,0
DA:577,0
DA:578,0
DA:579,0
DA:580,0
DA:581,0
DA:582,0
DA:584,0
DA:588,0
DA:589,0
DA:590,0
DA:591,0
DA:592,0
DA:598,0
DA:600,0
DA:601,0
DA:603,0
DA:604,0
DA:605,0
DA:608,0
DA:611,0
DA:613,0
DA:618,0
DA:620,0
DA:621,0
DA:627,0
DA:629,0
DA:630,0
DA:631,0
DA:632,0
DA:654,0
DA:656,0
DA:659,0
DA:660,0
DA:661,0
DA:663,0
DA:666,0
DA:667,0
DA:668,0
DA:672,0
DA:673,0
DA:675,0
DA:676,0
DA:678,0
DA:679,0
DA:682,0
DA:683,0
DA:684,0
DA:686,0
DA:688,0
DA:691,0
DA:693,0
DA:694,0
DA:703,0
DA:704,0
DA:706,0
DA:707,0
DA:709,0
DA:710,0
DA:713,0
DA:714,0
DA:715,0
DA:717,0
DA:719,0
DA:722,0
DA:724,0
DA:725,0
DA:734,0
DA:735,0
DA:737,0
DA:738,0
DA:740,0
DA:741,0
DA:742,0
DA:745,0
DA:746,0
DA:747,0
DA:748,0
DA:754,0
DA:755,0
DA:757,0
DA:759,0
DA:761,0
DA:763,0
DA:764,0
DA:765,0
DA:766,0
DA:769,0
DA:770,0
DA:771,0
DA:773,0
DA:774,0
DA:775,0
DA:776,0
DA:784,0
DA:785,0
DA:787,0
DA:788,0
DA:789,0
DA:790,0
DA:791,0
DA:796,0
DA:797,0
DA:798,0
DA:799,0
DA:807,0
DA:808,0
DA:809,0
DA:810,0
DA:811,0
DA:820,0
DA:821,0
DA:822,0
DA:823,0
DA:825,0
DA:826,0
DA:827,0
DA:831,0
DA:842,0
DA:844,0
DA:845,0
DA:846,0
DA:848,0
DA:850,0
DA:864,0
DA:866,0
DA:868,0
DA:870,0
DA:872,0
DA:877,0
DA:879,0
DA:880,0
DA:881,0
DA:882,0
DA:883,0
DA:885,0
DA:890,0
DA:891,0
DA:892,0
DA:893,0
LF:372
LH:0
end_of_record
SF:lib\pages\yourself_page.dart
DA:13,2
DA:15,0
DA:17,0
DA:19,0
DA:20,0
DA:21,0
DA:25,0
DA:26,0
DA:28,0
DA:30,0
DA:32,0
DA:33,0
DA:34,0
DA:39,0
DA:40,0
DA:41,0
DA:42,0
DA:49,0
DA:54,0
DA:59,0
DA:67,0
DA:68,0
DA:69,0
DA:71,0
DA:73,0
DA:75,0
DA:77,0
DA:78,0
DA:79,0
DA:80,0
DA:82,0
DA:85,0
DA:86,0
DA:87,0
DA:88,0
DA:89,0
DA:91,0
DA:92,0
DA:96,0
DA:97,0
DA:99,0
DA:101,0
DA:102,0
DA:103,0
DA:106,0
DA:107,0
DA:111,0
DA:112,0
DA:114,0
DA:115,0
DA:116,0
DA:117,0
DA:123,0
DA:124,0
DA:132,0
DA:138,0
DA:139,0
DA:140,0
DA:142,0
DA:144,0
DA:146,0
DA:149,0
DA:151,0
DA:152,0
DA:160,0
DA:161,0
DA:163,0
DA:164,0
DA:165,0
DA:166,0
DA:169,0
DA:172,0
DA:176,0
DA:177,0
DA:178,0
DA:180,0
DA:181,0
DA:184,0
DA:185,0
DA:186,0
DA:191,0
DA:193,0
DA:194,0
DA:197,0
DA:198,0
DA:199,0
DA:200,0
DA:206,0
DA:208,0
DA:209,0
DA:212,0
DA:213,0
DA:214,0
DA:215,0
DA:221,0
DA:223,0
DA:224,0
DA:227,0
DA:228,0
DA:229,0
DA:237,0
DA:245,0
DA:247,0
DA:249,0
DA:250,0
DA:252,0
DA:253,0
DA:254,0
DA:256,0
DA:257,0
DA:260,0
DA:263,0
DA:264,0
DA:266,0
DA:267,0
DA:269,0
DA:274,0
DA:276,0
DA:277,0
DA:283,0
DA:286,0
DA:295,0
DA:300,0
DA:302,0
DA:304,0
DA:305,0
DA:306,0
DA:307,0
DA:309,0
DA:312,0
DA:313,0
DA:314,0
DA:316,0
DA:317,0
DA:318,0
DA:320,0
DA:321,0
DA:322,0
DA:325,0
DA:328,0
DA:329,0
DA:330,0
DA:333,0
DA:334,0
DA:335,0
DA:336,0
DA:346,0
DA:348,0
DA:349,0
DA:350,0
DA:352,0
DA:353,0
DA:354,0
DA:356,0
DA:357,0
DA:359,0
DA:361,0
DA:364,0
DA:365,0
DA:366,0
DA:368,0
DA:370,0
DA:371,0
DA:372,0
DA:373,0
DA:374,0
DA:377,0
DA:378,0
DA:382,0
DA:383,0
DA:384,0
DA:386,0
DA:387,0
DA:388,0
DA:389,0
DA:396,0
DA:399,0
DA:400,0
LF:178
LH:1
end_of_record
SF:lib\pages\reading_patterns_page.dart
DA:11,2
DA:13,0
DA:15,0
DA:16,0
DA:18,0
DA:19,0
DA:24,0
DA:25,0
DA:27,0
DA:29,0
DA:31,0
DA:36,0
DA:41,0
DA:46,0
DA:55,0
DA:63,0
DA:67,0
DA:69,0
DA:71,0
DA:73,0
DA:74,0
DA:76,0
DA:78,0
DA:83,0
DA:84,0
DA:85,0
DA:86,0
DA:94,0
DA:95,0
DA:96,0
DA:97,0
DA:99,0
DA:100,0
DA:101,0
DA:102,0
DA:103,0
DA:104,0
DA:107,0
DA:113,0
DA:114,0
DA:117,0
DA:127,0
DA:128,0
DA:129,0
DA:130,0
DA:133,0
DA:134,0
DA:135,0
DA:141,0
DA:142,0
DA:145,0
DA:156,0
DA:163,0
DA:165,0
DA:166,0
DA:167,0
DA:168,0
DA:170,0
DA:171,0
DA:172,0
DA:174,0
DA:176,0
DA:181,0
DA:183,0
DA:184,0
DA:193,0
DA:197,0
DA:199,0
DA:201,0
DA:203,0
DA:204,0
DA:206,0
DA:208,0
DA:213,0
DA:214,0
DA:215,0
DA:216,0
DA:218,0
DA:219,0
DA:227,0
DA:228,0
DA:232,0
DA:233,0
DA:235,0
DA:237,0
DA:238,0
DA:239,0
DA:240,0
DA:242,0
DA:243,0
DA:244,0
DA:246,0
DA:247,0
DA:248,0
DA:250,0
DA:253,0
DA:254,0
DA:257,0
DA:258,0
DA:259,0
DA:260,0
DA:261,0
DA:263,0
DA:264,0
DA:267,0
DA:269,0
DA:270,0
DA:271,0
DA:272,0
DA:280,0
DA:282,0
DA:283,0
DA:284,0
DA:286,0
DA:293,0
DA:297,0
DA:298,0
DA:299,0
DA:301,0
DA:303,0
DA:305,0
DA:312,0
DA:316,0
DA:318,0
DA:320,0
DA:322,0
DA:323,0
DA:325,0
DA:327,0
DA:332,0
DA:333,0
DA:334,0
DA:335,0
DA:337,0
DA:338,0
DA:346,0
DA:347,0
DA:351,0
DA:352,0
DA:354,0
DA:356,0
DA:357,0
DA:359,0
DA:360,0
DA:361,0
DA:362,0
DA:363,0
DA:364,0
DA:369,0
DA:370,0
DA:373,0
DA:377,0
DA:382,0
DA:384,0
DA:386,0
DA:388,0
DA:389,0
DA:391,0
DA:393,0
DA:398,0
DA:399,0
DA:401,0
DA:402,0
DA:403,0
DA:408,0
DA:410,0
DA:413,0
DA:414,0
DA:422,0
DA:427,0
DA:431,0
DA:432,0
DA:433,0
DA:434,0
DA:435,0
DA:437,0
DA:441,0
DA:443,0
DA:445,0
DA:446,0
DA:447,0
DA:448,0
DA:450,0
DA:453,0
DA:454,0
DA:455,0
DA:456,0
DA:459,0
DA:460,0
DA:461,0
DA:466,0
DA:467,0
DA:468,0
DA:470,0
DA:481,0
DA:485,0
DA:487,0
DA:489,0
DA:491,0
DA:492,0
DA:494,0
DA:496,0
DA:501,0
DA:502,0
DA:503,0
DA:504,0
DA:512,0
DA:516,0
DA:517,0
DA:519,0
DA:523,0
DA:529,0
DA:534,0
DA:539,0
DA:551,0
DA:553,0
DA:554,0
DA:555,0
DA:556,0
DA:558,0
DA:560,0
DA:561,0
DA:563,0
DA:564,0
DA:566,0
DA:567,0
DA:568,0
DA:569,0
DA:575,0
DA:577,0
DA:579,0
LF:231
LH:1
end_of_record
SF:lib\pages\settings_page.dart
DA:9,2
DA:11,0
DA:13,0
DA:15,0
DA:16,0
DA:17,0
DA:21,0
DA:22,0
DA:24,0
DA:26,0
DA:28,0
DA:29,0
DA:30,0
DA:35,0
DA:37,0
DA:38,0
LF:16
LH:1
end_of_record
SF:lib\widgets\reflection_input_widget.dart
DA:5,0
DA:22,0
DA:23,0
DA:31,0
DA:33,0
DA:34,0
DA:35,0
DA:37,0
DA:38,0
DA:39,0
DA:40,0
DA:41,0
DA:44,0
DA:48,0
DA:50,0
DA:51,0
DA:52,0
DA:55,0
DA:57,0
DA:58,0
DA:59,0
DA:60,0
DA:64,0
DA:66,0
DA:68,0
DA:70,0
DA:72,0
DA:73,0
DA:74,0
DA:75,0
DA:77,0
DA:81,0
DA:83,0
DA:92,0
DA:93,0
DA:94,0
DA:95,0
DA:96,0
DA:97,0
DA:98,0
DA:99,0
DA:100,0
DA:102,0
DA:103,0
DA:104,0
DA:105,0
DA:108,0
DA:109,0
DA:110,0
DA:111,0
DA:117,0
DA:123,0
DA:125,0
DA:126,0
DA:127,0
DA:128,0
DA:129,0
DA:133,0
DA:134,0
DA:135,0
DA:136,0
DA:138,0
DA:139,0
DA:142,0
DA:144,0
DA:148,0
DA:149,0
DA:160,0
DA:161,0
DA:163,0
DA:165,0
DA:166,0
DA:168,0
DA:169,0
DA:171,0
DA:173,0
DA:174,0
DA:176,0
DA:178,0
DA:182,0
DA:186,0
DA:187,0
DA:203,0
DA:212,0
DA:214,0
DA:216,0
DA:218,0
DA:220,0
DA:221,0
DA:223,0
DA:224,0
DA:225,0
DA:226,0
DA:228,0
DA:232,0
DA:234,0
DA:240,0
DA:241,0
DA:242,0
DA:245,0
DA:252,0
LF:101
LH:0
end_of_record
SF:lib\providers\reading_provider.dart
DA:7,7
DA:8,1
DA:13,4
DA:18,0
DA:23,0
DA:25,0
DA:30,0
DA:32,0
DA:37,0
DA:38,0
DA:42,0
DA:43,0
DA:45,0
DA:48,0
DA:53,0
DA:54,0
DA:56,0
DA:57,0
DA:62,0
DA:63,0
DA:68,0
DA:69,0
DA:72,0
DA:83,4
DA:84,4
DA:85,6
DA:89,0
DA:90,0
DA:91,0
DA:95,0
DA:99,0
DA:100,0
DA:104,8
DA:108,2
DA:113,6
DA:116,2
DA:117,6
DA:121,2
DA:122,6
DA:126,0
DA:127,0
DA:131,1
DA:132,2
DA:136,0
DA:141,4
DA:147,2
DA:151,2
DA:156,2
DA:157,2
DA:158,2
DA:159,2
DA:165,4
DA:166,4
DA:167,2
LF:54
LH:25
end_of_record
SF:lib\widgets\language_selection_widget.dart
DA:8,2
DA:10,2
DA:12,2
DA:13,4
DA:14,4
DA:16,2
DA:18,2
DA:20,2
DA:22,2
DA:23,2
DA:24,2
DA:25,2
DA:27,6
DA:31,2
DA:32,2
DA:33,8
DA:40,2
DA:41,2
DA:42,8
DA:43,6
DA:49,2
DA:50,4
DA:59,2
DA:62,2
DA:64,2
DA:65,2
DA:67,6
DA:68,2
DA:70,2
DA:72,2
DA:73,2
DA:76,6
DA:79,2
DA:80,2
DA:81,2
DA:83,8
DA:84,6
DA:97,2
DA:104,6
DA:106,2
DA:108,2
DA:111,4
DA:112,2
DA:113,2
DA:115,2
DA:116,2
DA:118,6
DA:119,2
DA:121,6
DA:124,2
DA:126,2
DA:128,6
DA:131,2
DA:132,2
DA:134,2
DA:137,2
DA:138,2
DA:139,6
DA:141,2
DA:142,2
DA:143,2
DA:151,2
DA:152,2
DA:154,2
DA:155,2
DA:156,2
DA:157,8
DA:162,6
DA:166,2
DA:167,2
DA:168,8
DA:169,6
DA:178,2
DA:180,6
DA:184,2
DA:186,6
DA:196,2
DA:203,8
DA:205,0
DA:207,0
DA:208,0
DA:209,0
DA:210,0
DA:211,0
DA:220,0
DA:221,0
DA:222,0
DA:223,0
DA:224,0
DA:233,2
DA:237,2
DA:238,2
DA:239,2
DA:240,2
DA:241,2
DA:243,0
DA:247,2
DA:248,2
DA:249,2
DA:251,2
DA:254,0
DA:258,2
DA:259,2
DA:260,2
DA:262,2
LF:105
LH:92
end_of_record
SF:lib\widgets\chat_widget.dart
DA:9,0
DA:18,0
DA:19,0
DA:27,0
DA:29,0
DA:31,0
DA:32,0
DA:33,0
DA:34,0
DA:38,0
DA:40,0
DA:41,0
DA:42,0
DA:45,0
DA:47,0
DA:48,0
DA:50,0
DA:51,0
DA:52,0
DA:53,0
DA:54,0
DA:56,0
DA:57,0
DA:58,0
DA:60,0
DA:62,0
DA:68,0
DA:70,0
DA:71,0
DA:72,0
DA:73,0
DA:74,0
DA:76,0
DA:80,0
DA:81,0
DA:82,0
DA:83,0
DA:84,0
DA:85,0
DA:86,0
DA:88,0
DA:89,0
DA:98,0
DA:102,0
DA:103,0
DA:104,0
DA:105,0
DA:108,0
DA:110,0
DA:114,0
DA:115,0
DA:116,0
DA:127,0
DA:128,0
DA:129,0
DA:131,0
DA:133,0
DA:134,0
DA:137,0
DA:140,0
DA:142,0
DA:143,0
DA:144,0
DA:147,0
DA:149,0
DA:150,0
DA:160,0
DA:161,0
DA:163,0
DA:167,0
DA:168,0
DA:169,0
DA:171,0
DA:172,0
DA:175,0
DA:180,0
DA:181,0
DA:182,0
DA:183,0
DA:186,0
DA:188,0
DA:189,0
DA:190,0
DA:199,0
DA:201,0
DA:202,0
DA:203,0
DA:204,0
DA:206,0
DA:207,0
DA:211,0
DA:212,0
DA:213,0
DA:215,0
DA:216,0
DA:217,0
DA:218,0
DA:225,0
DA:227,0
DA:229,0
DA:230,0
DA:233,0
DA:242,0
DA:243,0
DA:244,0
DA:246,0
DA:247,0
DA:251,0
DA:252,0
DA:253,0
DA:255,0
DA:258,0
DA:259,0
DA:260,0
DA:261,0
DA:268,0
DA:269,0
DA:270,0
DA:271,0
DA:272,0
DA:277,0
DA:278,0
DA:279,0
LF:123
LH:0
end_of_record
SF:lib\widgets\reading_spread_widget.dart
DA:18,0
DA:29,0
DA:31,0
DA:33,0
DA:34,0
DA:35,0
DA:36,0
DA:37,0
DA:38,0
DA:42,0
DA:43,0
DA:44,0
DA:45,0
DA:51,0
DA:57,0
DA:58,0
DA:59,0
DA:60,0
DA:61,0
DA:62,0
DA:63,0
DA:64,0
DA:65,0
DA:66,0
DA:67,0
DA:68,0
DA:72,0
DA:73,0
DA:74,0
DA:77,0
DA:78,0
DA:79,0
DA:81,0
DA:82,0
DA:83,0
DA:84,0
DA:89,0
DA:90,0
DA:91,0
DA:92,0
DA:93,0
DA:94,0
DA:95,0
DA:96,0
DA:103,0
DA:104,0
DA:105,0
DA:106,0
DA:107,0
DA:109,0
DA:110,0
DA:111,0
DA:115,0
DA:120,0
DA:121,0
DA:122,0
DA:123,0
DA:124,0
DA:126,0
DA:128,0
DA:129,0
DA:130,0
DA:137,0
DA:138,0
DA:140,0
DA:141,0
DA:142,0
DA:144,0
DA:153,0
DA:158,0
DA:159,0
DA:160,0
DA:163,0
DA:164,0
DA:165,0
DA:166,0
DA:167,0
DA:168,0
DA:172,0
DA:173,0
DA:175,0
DA:177,0
DA:181,0
DA:194,0
DA:202,0
DA:204,0
DA:206,0
DA:210,0
DA:211,0
DA:213,0
DA:215,0
DA:216,0
DA:217,0
DA:219,0
DA:220,0
DA:221,0
DA:222,0
DA:223,0
DA:227,0
LF:99
LH:0
end_of_record
SF:lib\widgets\save_reading_dialog.dart
DA:10,0
DA:14,0
DA:15,0
DA:22,0
DA:24,0
DA:26,0
DA:27,0
DA:29,0
DA:31,0
DA:34,0
DA:36,0
DA:37,0
DA:38,0
DA:40,0
DA:44,0
DA:45,0
DA:46,0
DA:47,0
DA:48,0
DA:51,0
DA:52,0
DA:54,0
DA:63,0
DA:65,0
DA:66,0
DA:67,0
DA:69,0
DA:71,0
DA:72,0
DA:73,0
DA:74,0
DA:79,0
DA:80,0
DA:81,0
DA:82,0
DA:92,0
DA:93,0
DA:94,0
DA:95,0
DA:96,0
DA:108,0
DA:110,0
DA:111,0
DA:112,0
DA:114,0
DA:118,0
DA:119,0
DA:120,0
DA:121,0
DA:124,0
DA:126,0
DA:130,0
DA:141,0
DA:142,0
DA:143,0
DA:148,0
DA:149,0
DA:153,0
DA:154,0
DA:155,0
DA:158,0
DA:159,0
DA:160,0
DA:168,0
DA:169,0
DA:178,0
DA:179,0
DA:180,0
DA:189,0
DA:200,0
DA:202,0
DA:205,0
DA:209,0
DA:213,0
DA:214,0
DA:217,0
DA:221,0
DA:222,0
DA:224,0
DA:225,0
DA:226,0
DA:227,0
DA:235,0
DA:240,0
DA:241,0
DA:247,0
DA:249,0
DA:252,0
DA:259,0
DA:260,0
DA:261,0
DA:262,0
DA:265,0
DA:267,0
DA:275,0
DA:276,0
DA:277,0
DA:281,0
DA:282,0
DA:283,0
DA:286,0
DA:287,0
DA:288,0
DA:296,0
DA:297,0
DA:306,0
DA:307,0
DA:308,0
LF:108
LH:0
end_of_record
SF:lib\providers\app_state_provider.dart
DA:5,4
DA:15,2
DA:21,2
DA:22,1
DA:23,2
DA:24,2
DA:28,5
DA:35,15
DA:38,2
DA:39,6
DA:43,1
DA:44,3
DA:48,1
DA:49,3
DA:53,1
DA:54,3
DA:59,20
DA:62,5
DA:66,4
DA:67,3
DA:71,16
DA:72,12
DA:76,16
DA:77,12
DA:82,10
DA:85,2
DA:86,4
DA:87,2
DA:92,1
DA:93,3
DA:98,23
DA:99,5
DA:104,3
DA:114,1
DA:119,1
DA:120,0
DA:121,1
DA:122,0
DA:126,2
DA:137,1
DA:153,1
DA:161,1
DA:162,1
DA:163,1
DA:164,1
DA:165,1
DA:166,0
DA:167,1
DA:174,6
DA:177,1
DA:178,3
DA:179,3
DA:181,1
DA:182,3
DA:187,1
DA:188,4
DA:189,2
DA:190,1
DA:193,1
DA:195,3
DA:197,3
DA:202,0
DA:203,0
DA:204,0
DA:205,0
DA:207,0
DA:214,1
DA:215,2
DA:216,4
DA:217,1
DA:219,3
DA:221,1
DA:222,1
DA:227,0
DA:228,0
DA:233,4
DA:234,4
DA:235,2
DA:239,4
DA:240,3
DA:241,2
DA:246,4
DA:249,0
DA:250,0
DA:254,1
DA:255,2
DA:260,8
DA:263,2
DA:267,4
DA:268,2
DA:273,4
DA:276,2
DA:277,2
DA:281,1
DA:282,1
DA:287,4
DA:288,4
DA:289,2
DA:293,4
DA:294,3
LF:100
LH:88
end_of_record
SF:lib\providers\language_provider.dart
DA:11,20
DA:14,4
DA:16,8
DA:17,1
DA:20,0
DA:25,6
DA:26,12
DA:27,3
DA:31,12
DA:32,1
DA:34,2
DA:39,1
DA:40,2
DA:44,1
DA:45,2
DA:49,1
DA:51,2
DA:52,2
DA:53,1
DA:55,0
DA:58,0
DA:63,1
DA:65,2
DA:66,2
DA:67,2
DA:68,1
DA:70,0
DA:73,0
DA:79,40
DA:80,10
DA:84,40
DA:85,20
DA:86,10
DA:90,4
DA:91,1
DA:95,12
DA:96,12
DA:97,6
DA:101,4
DA:102,3
DA:106,4
DA:107,4
DA:111,4
DA:112,4
DA:116,16
DA:121,16
DA:122,12
DA:123,4
DA:127,4
DA:131,2
DA:132,2
DA:133,1
DA:137,2
DA:138,2
DA:139,2
DA:140,2
DA:141,1
DA:145,2
DA:146,2
DA:147,2
DA:148,2
DA:149,1
DA:153,2
DA:154,2
DA:155,2
DA:156,2
DA:157,1
DA:161,4
DA:165,2
DA:166,2
DA:167,1
LF:71
LH:66
end_of_record
SF:lib\services\friends_service.dart
DA:7,0
DA:8,0
DA:18,0
DA:20,0
DA:23,0
DA:24,0
DA:25,0
DA:27,0
DA:31,0
DA:36,0
DA:39,0
DA:40,0
DA:44,0
DA:45,0
DA:46,0
DA:47,0
DA:51,0
DA:55,0
DA:56,0
DA:57,0
DA:61,0
DA:62,0
DA:66,0
DA:70,0
DA:73,0
DA:74,0
DA:78,0
DA:79,0
DA:80,0
DA:82,0
DA:84,0
DA:86,0
DA:91,0
DA:93,0
DA:95,0
DA:96,0
DA:97,0
DA:98,0
DA:99,0
DA:101,0
DA:103,0
DA:104,0
DA:105,0
DA:107,0
DA:108,0
DA:115,0
DA:117,0
DA:119,0
DA:120,0
DA:121,0
DA:122,0
DA:124,0
DA:128,0
DA:130,0
DA:132,0
DA:135,0
DA:136,0
DA:137,0
DA:138,0
DA:143,0
DA:150,0
DA:153,0
DA:154,0
DA:155,0
DA:156,0
DA:157,0
DA:158,0
DA:161,0
DA:162,0
DA:167,0
DA:168,0
DA:171,0
DA:176,0
DA:178,0
DA:180,0
DA:181,0
DA:182,0
DA:184,0
DA:185,0
DA:189,0
DA:195,0
DA:197,0
DA:198,0
DA:200,0
DA:201,0
DA:204,0
DA:205,0
DA:208,0
DA:209,0
DA:212,0
DA:213,0
DA:218,0
DA:220,0
DA:222,0
DA:223,0
DA:225,0
DA:227,0
DA:228,0
DA:229,0
DA:230,0
DA:232,0
DA:234,0
DA:240,0
DA:242,0
DA:244,0
DA:248,0
DA:249,0
DA:267,0
DA:269,0
DA:272,0
DA:273,0
DA:274,0
DA:275,0
DA:277,0
DA:278,0
DA:286,0
DA:287,0
DA:288,0
DA:289,0
DA:293,0
DA:298,0
DA:300,0
DA:301,0
DA:302,0
DA:303,0
DA:304,0
DA:307,0
LF:127
LH:0
end_of_record
SF:lib\services\mock_user_service.dart
DA:11,16
DA:12,8
DA:25,7
DA:27,35
DA:29,14
DA:31,7
DA:35,7
DA:36,7
DA:55,28
DA:57,35
DA:59,7
DA:61,7
DA:64,14
DA:65,28
DA:67,7
DA:72,7
DA:78,0
DA:84,0
DA:86,0
DA:87,0
DA:90,0
DA:91,0
DA:92,0
DA:93,0
DA:96,0
DA:100,0
DA:102,0
DA:104,0
DA:107,0
DA:110,0
DA:113,0
DA:117,5
DA:119,25
DA:121,10
DA:125,4
DA:126,4
DA:127,8
DA:131,0
DA:133,0
DA:135,0
DA:139,0
DA:144,0
DA:146,0
DA:147,0
DA:148,0
DA:151,0
DA:155,0
DA:160,1
DA:162,5
DA:164,1
DA:167,1
DA:169,1
DA:170,1
DA:173,1
DA:174,1
DA:175,0
DA:176,0
DA:179,1
DA:180,1
DA:182,0
DA:184,0
DA:187,1
DA:188,1
DA:189,0
DA:190,0
DA:194,2
DA:195,1
DA:198,1
DA:199,0
DA:202,1
DA:205,1
DA:206,0
DA:211,1
DA:212,1
DA:213,1
DA:214,1
DA:215,0
DA:221,0
DA:223,0
DA:226,0
DA:227,0
DA:230,0
DA:234,0
DA:235,0
DA:236,0
DA:238,0
DA:239,0
DA:242,0
DA:243,0
DA:244,0
DA:247,0
DA:248,0
DA:250,0
DA:251,0
DA:255,0
DA:260,0
DA:262,0
DA:265,0
DA:266,0
DA:270,0
DA:274,0
DA:276,0
DA:278,0
DA:279,0
DA:280,0
DA:283,0
DA:285,0
DA:286,0
DA:289,0
DA:291,0
DA:292,0
DA:295,0
DA:299,0
DA:301,0
DA:303,0
DA:305,0
DA:306,0
DA:307,0
DA:308,0
DA:309,0
DA:311,0
DA:315,1
DA:317,5
DA:319,1
DA:322,1
DA:323,4
DA:324,1
DA:325,1
DA:329,1
DA:330,1
DA:331,0
DA:335,0
DA:337,0
DA:339,0
DA:343,0
DA:344,0
DA:345,0
DA:346,0
DA:347,0
DA:351,0
DA:352,0
DA:353,0
DA:357,0
DA:358,0
DA:359,0
DA:360,0
DA:364,3
DA:366,15
DA:368,3
DA:382,3
DA:383,9
DA:384,3
DA:386,9
LF:153
LH:59
end_of_record
SF:lib\providers\image_cache_provider.dart
DA:5,16
DA:6,4
DA:10,4
DA:11,2
DA:12,1
DA:16,16
DA:17,8
DA:18,4
DA:25,4
DA:28,0
DA:29,0
DA:33,0
DA:34,0
DA:38,0
DA:39,0
DA:43,0
DA:44,0
DA:48,0
DA:49,0
DA:53,3
DA:54,6
LF:21
LH:11
end_of_record
SF:lib\services\journal_service.dart
DA:8,0
DA:9,0
DA:15,0
DA:17,0
DA:20,0
DA:23,0
DA:25,0
DA:29,0
DA:33,0
DA:34,0
DA:37,0
DA:46,0
DA:48,0
DA:49,0
DA:52,0
DA:53,0
DA:55,0
DA:60,0
DA:65,0
DA:66,0
DA:68,0
DA:71,0
DA:75,0
DA:78,0
DA:80,0
DA:81,0
DA:83,0
DA:92,0
DA:94,0
DA:95,0
DA:98,0
DA:100,0
DA:101,0
DA:103,0
DA:112,0
DA:114,0
DA:115,0
DA:116,0
DA:117,0
DA:125,0
DA:126,0
DA:127,0
DA:131,0
DA:132,0
DA:133,0
DA:137,0
DA:138,0
DA:140,0
DA:141,0
DA:143,0
DA:144,0
DA:147,0
DA:152,0
DA:153,0
DA:154,0
DA:155,0
DA:159,0
DA:160,0
DA:161,0
DA:162,0
DA:167,0
DA:168,0
DA:171,0
DA:172,0
DA:173,0
DA:175,0
DA:176,0
DA:180,0
DA:181,0
DA:182,0
DA:183,0
DA:188,0
DA:189,0
DA:191,0
DA:192,0
DA:195,0
DA:196,0
DA:206,0
DA:208,0
DA:209,0
DA:210,0
DA:218,0
DA:219,0
DA:220,0
DA:221,0
DA:222,0
DA:224,0
DA:225,0
DA:229,0
DA:230,0
DA:231,0
DA:235,0
DA:236,0
DA:237,0
LF:94
LH:0
end_of_record
SF:lib\services\manual_interpretation_service.dart
DA:9,2
DA:10,2
DA:11,2
DA:16,0
DA:22,0
DA:24,0
DA:25,0
DA:26,0
DA:29,0
DA:40,0
DA:42,0
DA:43,0
DA:44,0
DA:45,0
DA:46,0
DA:47,0
DA:48,0
DA:49,0
DA:50,0
DA:51,0
DA:53,0
DA:58,0
DA:59,0
DA:61,0
DA:62,0
DA:63,0
DA:64,0
DA:66,0
DA:68,0
DA:77,0
DA:78,0
DA:80,0
DA:81,0
DA:83,0
DA:84,0
DA:88,0
DA:93,0
DA:94,0
DA:95,0
DA:99,0
DA:100,0
DA:101,0
DA:105,0
DA:107,0
DA:109,0
DA:111,0
DA:113,0
DA:119,0
DA:120,0
DA:122,0
DA:123,0
DA:125,0
DA:126,0
DA:128,0
DA:129,0
DA:131,0
DA:132,0
DA:134,0
DA:135,0
DA:137,0
DA:138,0
DA:146,0
DA:152,0
DA:153,0
DA:154,0
DA:155,0
DA:159,0
DA:160,0
DA:163,0
DA:165,0
DA:169,0
DA:173,0
DA:176,0
DA:177,0
DA:178,0
DA:183,0
DA:184,0
DA:190,0
DA:191,0
DA:197,0
DA:198,0
DA:199,0
DA:200,0
DA:203,0
DA:205,0
DA:206,0
DA:207,0
DA:211,0
DA:213,0
DA:216,0
DA:217,0
DA:222,0
DA:226,0
DA:228,0
DA:230,0
DA:245,0
LF:96
LH:3
end_of_record
SF:lib\providers\provider_scope_config.dart
DA:10,1
DA:15,1
DA:19,0
DA:23,0
DA:27,0
DA:34,2
DA:35,2
DA:37,6
DA:38,6
DA:39,6
DA:44,0
DA:48,0
DA:51,0
DA:54,0
DA:57,0
DA:62,0
DA:64,0
DA:67,0
DA:73,0
DA:81,0
DA:82,0
DA:83,0
DA:88,0
DA:94,0
DA:95,0
DA:99,0
DA:107,0
DA:114,0
DA:116,0
DA:123,0
DA:125,0
DA:132,0
DA:133,0
DA:134,0
DA:139,0
DA:140,0
DA:141,0
DA:142,0
DA:143,0
DA:144,0
DA:145,0
DA:146,0
DA:154,0
DA:158,0
DA:159,0
DA:164,0
DA:165,0
DA:166,0
LF:48
LH:7
end_of_record
SF:lib\services\mock_reading_service.dart
DA:11,4
DA:12,4
DA:13,4
DA:19,1
DA:25,5
DA:27,2
DA:28,1
DA:33,0
DA:34,0
DA:36,0
DA:37,0
DA:38,0
DA:39,0
DA:46,0
DA:47,0
DA:50,0
DA:57,0
DA:58,0
DA:59,0
DA:69,0
DA:76,0
DA:78,0
DA:79,0
DA:84,0
DA:86,0
DA:96,0
DA:97,0
DA:161,0
DA:166,0
DA:168,0
DA:169,0
DA:171,0
DA:172,0
DA:174,0
DA:175,0
DA:188,0
DA:189,0
DA:197,0
DA:198,0
DA:211,1
DA:216,1
DA:220,1
DA:221,0
DA:230,1
DA:231,2
DA:240,0
DA:241,0
DA:250,0
DA:251,0
DA:262,2
DA:263,0
DA:268,2
DA:269,0
DA:270,2
DA:271,0
DA:282,1
DA:283,1
DA:286,1
DA:287,2
DA:294,0
DA:304,1
DA:305,0
DA:312,1
DA:313,2
DA:320,0
DA:321,0
DA:328,0
DA:329,0
DA:337,4
DA:341,1
DA:348,1
DA:351,2
DA:354,1
DA:355,0
DA:357,3
DA:362,4
DA:363,2
DA:366,1
DA:367,2
DA:370,1
DA:372,1
DA:376,1
DA:377,1
DA:378,2
DA:380,0
DA:384,0
DA:385,0
DA:386,0
DA:387,0
DA:391,0
DA:392,0
DA:394,0
DA:395,0
DA:398,0
DA:400,0
DA:407,1
DA:413,5
DA:415,1
DA:421,1
DA:423,1
DA:424,1
DA:433,0
DA:434,0
DA:437,0
DA:439,0
DA:442,0
DA:443,0
DA:444,0
DA:445,0
DA:446,0
DA:451,0
DA:452,0
DA:453,0
DA:459,0
DA:460,0
DA:461,0
DA:467,0
DA:468,0
DA:469,0
DA:470,0
DA:473,0
DA:474,0
DA:475,0
DA:476,0
DA:478,0
DA:479,0
DA:480,0
DA:481,0
DA:485,0
DA:489,1
DA:491,5
DA:493,1
DA:496,2
DA:497,2
DA:504,2
DA:505,0
DA:512,2
DA:513,0
DA:520,2
DA:521,0
DA:529,1
DA:530,0
DA:539,4
LF:143
LH:53
end_of_record
SF:lib\widgets\main_scaffold.dart
DA:11,3
DA:13,3
DA:15,6
DA:21,2
DA:23,3
DA:25,3
DA:26,9
DA:27,3
DA:29,3
DA:31,3
DA:32,9
DA:33,3
DA:34,3
DA:35,3
DA:41,3
DA:43,3
DA:44,3
DA:47,3
DA:48,3
DA:51,3
DA:53,3
DA:56,3
DA:57,3
DA:60,3
DA:62,3
DA:65,3
DA:66,3
DA:69,3
DA:71,3
DA:74,3
DA:75,3
DA:78,3
DA:80,3
DA:83,3
DA:84,3
DA:87,3
DA:94,3
DA:101,3
DA:102,3
DA:103,0
DA:105,3
DA:107,3
DA:109,3
DA:111,3
DA:115,3
DA:117,9
DA:118,3
DA:120,9
DA:123,3
DA:126,3
DA:128,6
DA:129,3
DA:131,6
DA:142,3
DA:144,3
DA:146,0
DA:148,0
DA:150,0
DA:152,0
DA:160,0
DA:162,0
DA:163,0
DA:165,0
DA:166,0
DA:168,0
DA:169,0
DA:171,0
DA:172,0
DA:174,0
DA:175,0
LF:70
LH:54
end_of_record
SF:lib\utils\image_preloader.dart
DA:9,9
DA:10,6
DA:11,3
DA:17,3
DA:21,6
DA:23,3
DA:26,3
DA:27,6
DA:30,3
DA:34,12
DA:35,3
DA:36,12
DA:39,3
DA:40,3
DA:44,0
DA:45,0
DA:46,0
DA:47,0
DA:48,0
DA:49,0
DA:50,0
DA:51,0
DA:54,0
DA:55,0
DA:56,0
DA:57,0
DA:60,0
DA:61,0
DA:63,0
DA:65,0
DA:70,0
DA:71,0
DA:73,0
DA:76,0
DA:77,0
DA:79,0
DA:80,0
DA:84,0
DA:85,0
DA:86,0
DA:87,0
DA:91,0
DA:94,0
DA:95,0
DA:97,0
DA:99,0
DA:104,0
DA:110,0
DA:111,0
DA:113,0
DA:114,0
DA:115,0
DA:117,0
DA:121,0
DA:122,0
DA:123,0
DA:125,0
DA:128,0
DA:133,6
DA:136,0
DA:139,0
DA:140,0
DA:141,0
DA:146,12
DA:147,3
LF:65
LH:17
end_of_record
SF:lib\widgets\cached_card_image.dart
DA:20,1
DA:33,1
DA:34,1
DA:45,1
DA:47,1
DA:48,2
DA:49,2
DA:52,2
DA:53,1
DA:58,1
DA:60,2
DA:61,1
DA:64,0
DA:65,0
DA:66,0
DA:67,0
DA:68,0
DA:70,0
DA:71,0
DA:75,0
DA:76,0
DA:77,0
DA:78,0
DA:80,0
DA:83,0
DA:84,0
DA:85,0
DA:86,0
DA:87,0
DA:89,0
DA:92,1
DA:95,5
DA:97,1
DA:98,2
DA:99,2
DA:100,1
DA:102,1
DA:104,1
DA:106,1
DA:107,2
DA:108,2
DA:109,3
DA:113,1
DA:114,1
DA:116,2
DA:117,2
DA:118,2
DA:120,2
DA:122,0
DA:123,0
DA:124,0
DA:128,0
DA:129,0
DA:130,0
DA:133,0
DA:134,0
DA:135,0
DA:136,0
DA:137,0
DA:138,0
DA:139,0
DA:140,0
DA:142,0
DA:151,2
DA:152,1
DA:153,1
DA:155,1
DA:157,1
DA:158,2
DA:159,2
DA:162,1
DA:163,0
DA:164,0
DA:165,0
DA:177,1
DA:178,0
DA:179,0
DA:180,0
DA:181,0
DA:182,0
DA:186,4
DA:187,0
DA:188,0
DA:189,0
DA:190,0
DA:191,0
DA:192,0
DA:193,0
DA:194,0
DA:197,0
DA:199,0
DA:235,0
DA:246,0
DA:248,0
DA:249,0
DA:250,0
DA:251,0
DA:252,0
DA:253,0
DA:254,0
DA:255,0
DA:256,0
DA:257,0
LF:103
LH:40
end_of_record
SF:lib\widgets\image_loading_widgets.dart
DA:11,1
DA:18,1
DA:20,1
DA:21,1
DA:22,1
DA:23,1
DA:25,1
DA:28,1
DA:29,1
DA:30,1
DA:34,1
DA:35,1
DA:37,1
DA:38,1
DA:40,1
DA:41,1
DA:42,1
DA:43,1
DA:44,1
DA:49,1
DA:50,1
DA:52,1
DA:53,1
DA:56,1
DA:58,1
DA:59,0
DA:61,1
DA:64,1
DA:68,1
DA:71,1
DA:76,2
DA:78,1
DA:79,2
DA:80,4
DA:81,1
DA:84,4
DA:102,1
DA:110,1
DA:112,1
DA:113,1
DA:114,1
DA:115,1
DA:117,3
DA:118,1
DA:119,4
DA:123,1
DA:126,1
DA:127,1
DA:130,1
DA:132,3
DA:135,1
DA:136,1
DA:138,1
DA:139,1
DA:140,4
DA:141,1
DA:143,3
DA:151,1
DA:152,1
DA:154,4
DA:155,1
DA:157,3
DA:161,2
DA:163,1
DA:164,1
DA:167,1
DA:169,1
DA:171,3
DA:188,1
DA:190,1
DA:192,1
DA:193,1
DA:194,1
DA:195,1
DA:197,3
DA:199,1
DA:200,1
DA:203,1
LF:78
LH:77
end_of_record
SF:lib\widgets\custom_icon.dart
DA:9,3
DA:11,3
DA:13,3
DA:14,3
DA:15,3
DA:16,3
DA:17,3
DA:18,6
DA:20,3
DA:21,3
LF:10
LH:10
end_of_record
SF:lib\l10n\generated\app_localizations_en.dart
DA:9,14
DA:11,1
DA:14,1
DA:17,4
DA:20,4
DA:23,4
DA:26,4
DA:29,4
DA:32,0
DA:35,0
DA:38,4
DA:41,4
DA:45,4
DA:48,4
DA:51,4
DA:54,0
DA:57,4
DA:60,4
DA:63,4
DA:66,4
DA:69,4
DA:72,0
DA:75,0
DA:78,0
DA:81,0
DA:84,4
DA:87,0
DA:90,0
DA:93,0
DA:96,4
DA:99,0
DA:102,0
DA:105,0
DA:108,0
DA:111,0
DA:115,0
DA:118,0
DA:121,0
DA:124,0
DA:128,0
DA:131,0
DA:134,0
DA:137,0
DA:140,0
DA:143,0
DA:146,0
DA:149,0
DA:152,0
DA:155,0
DA:158,0
DA:161,0
DA:164,0
DA:167,0
DA:170,0
DA:173,0
DA:177,0
DA:181,0
DA:184,0
DA:187,0
DA:191,0
DA:194,0
DA:197,0
DA:200,0
DA:203,3
DA:206,3
DA:209,3
DA:212,3
DA:215,3
DA:218,0
DA:221,0
DA:224,0
DA:227,0
DA:230,0
DA:233,0
DA:236,0
DA:239,0
DA:242,0
DA:245,0
DA:248,0
DA:250,0
DA:253,0
DA:256,0
DA:259,0
DA:261,0
DA:264,0
DA:266,0
DA:269,0
DA:272,0
DA:274,0
DA:277,0
DA:280,0
DA:283,0
DA:285,0
DA:288,0
DA:291,0
DA:295,0
DA:298,0
DA:301,0
DA:304,0
DA:307,0
DA:310,0
DA:313,0
DA:316,0
DA:319,0
DA:322,0
DA:325,0
DA:328,0
DA:331,0
DA:334,0
DA:337,0
DA:340,0
DA:343,0
DA:346,0
DA:349,0
DA:352,0
DA:355,0
DA:358,0
DA:361,0
DA:364,0
DA:367,0
DA:370,0
DA:373,0
DA:377,0
DA:380,0
DA:383,0
DA:386,0
DA:389,0
DA:391,0
DA:394,0
DA:397,0
DA:400,0
DA:403,0
DA:406,0
DA:409,0
DA:413,0
DA:416,0
DA:419,0
DA:423,0
DA:426,0
DA:429,0
DA:432,0
DA:435,0
DA:439,0
DA:442,0
DA:445,0
DA:448,0
DA:452,0
DA:455,0
DA:458,0
DA:461,0
DA:464,0
DA:467,0
DA:470,0
DA:473,0
DA:475,0
DA:478,0
DA:481,0
DA:485,0
DA:488,0
DA:492,0
DA:495,0
DA:498,0
DA:501,0
DA:504,0
DA:507,0
DA:510,0
DA:512,0
DA:515,0
DA:517,0
DA:520,0
DA:522,0
DA:525,0
DA:528,0
DA:531,0
DA:535,0
DA:538,0
DA:542,0
DA:545,0
DA:549,0
DA:552,0
DA:556,0
DA:559,0
DA:562,0
DA:565,0
DA:568,0
DA:571,0
DA:574,0
DA:577,0
DA:579,0
DA:582,0
DA:585,0
DA:588,0
DA:592,0
DA:595,0
DA:597,0
DA:600,0
DA:602,0
DA:605,0
DA:608,2
DA:611,0
DA:614,2
DA:617,2
DA:620,2
DA:623,2
DA:625,2
DA:628,0
DA:630,0
DA:633,0
DA:636,0
DA:640,0
DA:643,0
DA:646,0
DA:649,0
DA:652,0
DA:655,0
DA:659,0
DA:662,0
DA:665,0
DA:668,0
DA:672,0
DA:675,0
DA:678,0
DA:681,0
DA:685,0
DA:687,0
DA:690,0
DA:693,0
LF:227
LH:31
end_of_record
SF:lib\l10n\generated\app_localizations_es.dart
DA:9,4
DA:11,1
DA:14,1
DA:17,2
DA:20,1
DA:23,1
DA:26,1
DA:29,2
DA:32,0
DA:35,0
DA:38,1
DA:41,1
DA:45,1
DA:48,1
DA:51,1
DA:54,0
DA:57,1
DA:60,1
DA:63,1
DA:66,1
DA:69,1
DA:72,0
DA:75,0
DA:78,0
DA:81,0
DA:84,1
DA:87,0
DA:90,0
DA:93,0
DA:96,1
DA:99,0
DA:102,0
DA:105,0
DA:108,0
DA:111,0
DA:115,0
DA:118,0
DA:122,0
DA:125,0
DA:129,0
DA:133,0
DA:136,0
DA:139,0
DA:142,0
DA:145,0
DA:148,0
DA:151,0
DA:154,0
DA:157,0
DA:160,0
DA:163,0
DA:166,0
DA:169,0
DA:173,0
DA:176,0
DA:180,0
DA:184,0
DA:187,0
DA:190,0
DA:194,0
DA:197,0
DA:200,0
DA:203,0
DA:206,0
DA:209,0
DA:212,0
DA:215,0
DA:218,0
DA:221,0
DA:224,0
DA:227,0
DA:230,0
DA:233,0
DA:236,0
DA:239,0
DA:242,0
DA:245,0
DA:248,0
DA:251,0
DA:253,0
DA:256,0
DA:259,0
DA:262,0
DA:264,0
DA:267,0
DA:269,0
DA:272,0
DA:275,0
DA:277,0
DA:280,0
DA:283,0
DA:286,0
DA:288,0
DA:291,0
DA:294,0
DA:298,0
DA:301,0
DA:304,0
DA:307,0
DA:310,0
DA:313,0
DA:316,0
DA:319,0
DA:322,0
DA:325,0
DA:328,0
DA:331,0
DA:334,0
DA:337,0
DA:340,0
DA:343,0
DA:346,0
DA:350,0
DA:353,0
DA:356,0
DA:359,0
DA:362,0
DA:365,0
DA:368,0
DA:371,0
DA:374,0
DA:377,0
DA:381,0
DA:384,0
DA:387,0
DA:390,0
DA:393,0
DA:395,0
DA:398,0
DA:401,0
DA:404,0
DA:407,0
DA:410,0
DA:413,0
DA:417,0
DA:420,0
DA:423,0
DA:427,0
DA:430,0
DA:433,0
DA:436,0
DA:439,0
DA:443,0
DA:447,0
DA:450,0
DA:453,0
DA:457,0
DA:460,0
DA:463,0
DA:466,0
DA:469,0
DA:472,0
DA:475,0
DA:478,0
DA:480,0
DA:483,0
DA:486,0
DA:490,0
DA:493,0
DA:497,0
DA:500,0
DA:503,0
DA:506,0
DA:509,0
DA:512,0
DA:516,0
DA:518,0
DA:521,0
DA:523,0
DA:526,0
DA:528,0
DA:531,0
DA:534,0
DA:537,0
DA:541,0
DA:544,0
DA:548,0
DA:551,0
DA:555,0
DA:558,0
DA:562,0
DA:565,0
DA:568,0
DA:571,0
DA:574,0
DA:577,0
DA:580,0
DA:583,0
DA:585,0
DA:588,0
DA:591,0
DA:594,0
DA:598,0
DA:601,0
DA:603,0
DA:606,0
DA:608,0
DA:611,0
DA:614,0
DA:617,0
DA:620,0
DA:623,0
DA:626,0
DA:629,0
DA:631,0
DA:634,0
DA:636,0
DA:639,0
DA:642,0
DA:646,0
DA:649,0
DA:652,0
DA:655,0
DA:658,0
DA:661,0
DA:665,0
DA:668,0
DA:672,0
DA:675,0
DA:679,0
DA:683,0
DA:686,0
DA:689,0
DA:693,0
DA:695,0
DA:698,0
DA:701,0
LF:227
LH:20
end_of_record
SF:lib\services\language_service.dart
DA:16,5
DA:18,5
DA:19,2
DA:22,2
DA:23,2
DA:29,2
DA:30,2
DA:43,7
DA:44,7
DA:45,3
DA:49,7
DA:50,4
DA:52,2
DA:58,2
DA:60,4
DA:61,4
DA:69,7
DA:70,7
DA:71,28
DA:76,2
DA:77,2
DA:82,2
DA:84,2
DA:85,2
DA:87,0
LF:25
LH:24
end_of_record
SF:lib\services\dynamic_content_localizations.dart
DA:22,9
DA:27,18
DA:29,4
DA:32,9
DA:41,18
DA:42,8
DA:45,8
DA:47,24
DA:48,8
DA:51,16
DA:52,4
DA:54,8
DA:59,1
DA:60,2
DA:67,4
DA:69,4
DA:71,6
DA:72,2
DA:76,4
DA:77,0
DA:84,2
DA:86,0
DA:97,4
DA:99,4
DA:101,3
DA:102,9
DA:103,3
DA:107,0
DA:108,0
DA:115,0
DA:117,0
DA:127,3
DA:129,3
DA:130,2
DA:137,3
DA:139,3
DA:141,0
DA:146,2
DA:147,4
DA:149,1
DA:151,1
DA:153,1
DA:155,1
DA:161,2
DA:163,1
DA:165,1
DA:167,1
DA:174,2
DA:175,4
DA:177,2
DA:179,2
DA:181,1
DA:183,1
DA:189,1
DA:191,1
DA:193,1
DA:195,1
DA:202,1
DA:203,2
DA:205,1
DA:207,1
DA:209,1
DA:211,0
DA:213,0
DA:219,1
DA:221,1
DA:223,1
DA:225,0
DA:227,0
DA:234,1
DA:235,2
DA:237,1
DA:239,1
DA:241,1
DA:243,0
DA:245,0
DA:251,1
DA:253,1
DA:255,1
DA:257,0
DA:259,0
DA:266,1
DA:267,2
DA:269,1
DA:271,1
DA:273,1
DA:275,0
DA:277,0
DA:283,1
DA:285,1
DA:287,1
DA:289,0
DA:291,0
DA:298,1
DA:299,2
DA:301,1
DA:303,1
DA:305,1
DA:307,0
DA:309,0
DA:315,1
DA:317,1
DA:319,1
DA:321,0
DA:323,0
DA:331,3
DA:332,3
DA:333,3
DA:338,3
DA:340,6
DA:341,3
DA:342,3
DA:352,8
DA:354,8
DA:356,8
DA:358,32
DA:359,16
DA:360,8
DA:364,0
DA:365,0
DA:372,0
DA:374,0
LF:122
LH:95
end_of_record
